 THIS SOFTWARE AND ANY ACCOMPANYING DOCUMENTATION
 IS RELEASED "AS IS".  THE U.S. GOVERNMENT MAKES NO
 WARRANTY OF ANY KIND, EXPRESS OR IMPLIED, CONCERNING
 THIS SOFTWARE AND ANY ACCOMPANYING DOCUMENTATION,
 INCLUDING, WITHOUT LIMITATION, ANY WARRANTIES OF
 MERCHANTABILITY OR FITNESS FOR A PARTICULAR PURPOSE.
 IN NO EVENT WILL THE U.S. GOVERNMENT BE LIABLE FOR ANY
 DAMAGES, INCLUDING LOST PROFITS, LOST SAVINGS OR OTHER
 INCIDENTAL OR CONSEQUENTIAL DAMAGES ARISING OUT OF THE 
 USE, OR INABILITY TO USE, THIS SOFTWARE OR ANY
 ACCOMPANYING DOCUMENTATION, EVEN IF INFORMED IN ADVANCE
 OF THE POSSIBILITY OF SUCH DAMAGES.
  ****************************************************
  *    USAF STABILITY AND CONTROL  DIGITAL DATCOM    *
  *    PROGRAM REV. JAN 96   DIRECT INQUIRIES TO:    *
  *    WRIGHT LABORATORY  (WL/FIGC)  ATTN: W. BLAKE  *
  *      WRIGHT PATTERSON AFB, OHIO  45433           *
  *    PHONE (513) 255-6764,   FAX (513) 258-4054    *
  ****************************************************
 Preparing to start the big loop
 At 1000
1                         CONERR - INPUT ERROR CHECKING
0 ERROR CODES - N* DENOTES THE NUMBER OF OCCURENCES OF EACH ERROR
0 A - UNKNOWN VARIABLE NAME
0 B - MISSING EQUAL SIGN FOLLOWING VARIABLE NAME
0 C - NON-ARRAY VARIABLE HAS AN ARRAY ELEMENT DESIGNATION - (N)
0 D - NON-ARRAY VARIABLE HAS MULTIPLE VALUES ASSIGNED
0 E - ASSIGNED VALUES EXCEED ARRAY DIMENSION
0 F - SYNTAX ERROR

0******************************  INPUT DATA CARDS  ******************************

  $FLTCON NMACH=1.0, MACH(1)=10.0, RNNUB(1)=1.0E7, PINF(1)=10.0,                 
    HYPERS=.TRUE.,$                                                              
  $TRNJET NT=5.0,                                                                
    TIME(1)=1.,2.,3.,4.,5.,                                                      
    FC(1)=1000.,2000.,1000.,500.,200.,                                           
    ALPHA(1)=0.,3.,6.,9.,13.,                                                    
    LAMNRJ=.FALSE.,.FALSE.,.FALSE.,.FALSE.,.TRUE.,                               
    ME=2.39, ISP=225.0, SPAN=2.0, PHE=30.0,                                      
    GP=1.2, CC=90.0, LFP=10.0$                                                   
 CASEID TRANSVERSE-JET SIZING, EXAMPLE PROBLEM 10                                
 DUMP JET                                                                        
 NEXT CASE                                                                       
1          THE FOLLOWING IS A LIST OF ALL INPUT CARDS FOR THIS CASE.
0
  $FLTCON NMACH=1.0, MACH(1)=10.0, RNNUB(1)=1.0E7, PINF(1)=10.0,                 
    HYPERS=.TRUE.,$                                                              
  $TRNJET NT=5.0,                                                                
    TIME(1)=1.,2.,3.,4.,5.,                                                      
    FC(1)=1000.,2000.,1000.,500.,200.,                                           
    ALPHA(1)=0.,3.,6.,9.,13.,                                                    
    LAMNRJ=.FALSE.,.FALSE.,.FALSE.,.FALSE.,.TRUE.,                               
    ME=2.39, ISP=225.0, SPAN=2.0, PHE=30.0,                                      
    GP=1.2, CC=90.0, LFP=10.0$                                                   
 CASEID TRANSVERSE-JET SIZING, EXAMPLE PROBLEM 10                                
 DUMP JET                                                                        
 NEXT CASE                                                                       
0 INPUT DIMENSIONS ARE IN FT, SCALE FACTOR IS 1.0000

 Return to main program from M01O01
 Return to main program from M50O62
 Return to main program from M02O02
 Return to main program from M51O63
 
   IOM(  1)= 1.01000E+01   IOM(  2)= 9.02163E+00   IOM(  3)= 8.00683E+00   IOM(  4)= 6.99487E+00   IOM(  5)= 5.90500E+00
   IOM(  6)= 1.00000E-30   IOM(  7)= 1.00000E-30   IOM(  8)= 1.00000E-30   IOM(  9)= 1.00000E-30   IOM( 10)= 1.00000E-30
   IOM( 11)= 1.01663E+08   IOM( 12)= 1.42167E+08   IOM( 13)= 1.75408E+08   IOM( 14)= 1.90843E+08   IOM( 15)= 1.87500E+08
   IOM( 16)= 1.00000E-30   IOM( 17)= 1.00000E-30   IOM( 18)= 1.00000E-30   IOM( 19)= 1.00000E-30   IOM( 20)= 1.00000E-30
   IOM( 21)= 1.38000E+01   IOM( 22)= 2.08101E+01   IOM( 23)= 4.07188E+01   IOM( 24)= 6.27000E+01   IOM( 25)= 1.09368E+02
   IOM( 26)= 1.00000E-30   IOM( 27)= 1.00000E-30   IOM( 28)= 1.00000E-30   IOM( 29)= 1.00000E-30   IOM( 30)= 1.00000E-30
   IOM( 31)= 7.07000E+02   IOM( 32)= 1.12617E+03   IOM( 33)= 1.61844E+03   IOM( 34)= 2.03869E+03   IOM( 35)= 2.48640E+03
   IOM( 36)= 1.00000E-30   IOM( 37)= 1.00000E-30   IOM( 38)= 1.00000E-30   IOM( 39)= 1.00000E-30   IOM( 40)= 1.00000E-30
   IOM( 41)= 4.91121E-04   IOM( 42)= 6.16641E-04   IOM( 43)= 2.14542E-04   IOM( 44)= 8.51582E-05   IOM( 45)= 2.79297E-05
   IOM( 46)= 1.00000E-30   IOM( 47)= 1.00000E-30   IOM( 48)= 1.00000E-30   IOM( 49)= 1.00000E-30   IOM( 50)= 1.00000E-30
   IOM( 51)= 5.01465E-04   IOM( 52)= 6.29630E-04   IOM( 53)= 2.19061E-04   IOM( 54)= 8.69520E-05   IOM( 55)= 2.85180E-05
   IOM( 56)= 1.00000E-30   IOM( 57)= 1.00000E-30   IOM( 58)= 1.00000E-30   IOM( 59)= 1.00000E-30   IOM( 60)= 1.00000E-30
   IOM( 61)= 2.83407E+00   IOM( 62)= 2.79993E+00   IOM( 63)= 2.82287E+00   IOM( 64)= 2.79974E+00   IOM( 65)= 6.08532E+00
   IOM( 66)= 1.00000E-30   IOM( 67)= 1.00000E-30   IOM( 68)= 1.00000E-30   IOM( 69)= 1.00000E-30   IOM( 70)= 1.00000E-30
   IOM( 71)= 3.91680E+00   IOM( 72)= 3.86405E+00   IOM( 73)= 3.89949E+00   IOM( 74)= 3.86376E+00   IOM( 75)= 8.94124E+00
   IOM( 76)= 1.00000E-30   IOM( 77)= 1.00000E-30   IOM( 78)= 1.00000E-30   IOM( 79)= 1.00000E-30   IOM( 80)= 1.00000E-30
   IOM( 81)= 2.55310E+02   IOM( 82)= 5.17592E+02   IOM( 83)= 2.56444E+02   IOM( 84)= 1.29408E+02   IOM( 85)= 2.23683E+01
   IOM( 86)= 1.00000E-30   IOM( 87)= 1.00000E-30   IOM( 88)= 1.00000E-30   IOM( 89)= 1.00000E-30   IOM( 90)= 1.00000E-30
   IOM( 91)= 5.76850E+02   IOM( 92)= 5.26038E+02   IOM( 93)= 4.77000E+02   IOM( 94)= 4.26241E+02   IOM( 95)= 3.71535E+02
   IOM( 96)= 1.00000E-30   IOM( 97)= 1.00000E-30   IOM( 98)= 1.00000E-30   IOM( 99)= 1.00000E-30   IOM(100)= 1.00000E-30
   IOM(101)= 7.96053E+03   IOM(102)= 1.09469E+04   IOM(103)= 1.94229E+04   IOM(104)= 2.67253E+04   IOM(105)= 4.06342E+04
   IOM(106)= 1.00000E-30   IOM(107)= 1.00000E-30   IOM(108)= 1.00000E-30   IOM(109)= 1.00000E-30   IOM(110)= 1.00000E-30
   IOM(111)= 2.00435E+04   IOM(112)= 4.06342E+04   IOM(113)= 2.01325E+04   IOM(114)= 1.01593E+04   IOM(115)= 1.75605E+03
   IOM(116)= 1.00000E-30   IOM(117)= 1.00000E-30   IOM(118)= 1.00000E-30   IOM(119)= 1.00000E-30   IOM(120)= 1.00000E-30
   IOM(121)= 1.13471E+00   IOM(122)= 2.30041E+00   IOM(123)= 1.13975E+00   IOM(124)= 5.75146E-01   IOM(125)= 9.94145E-02
   IOM(126)= 1.00000E-30   IOM(127)= 1.00000E-30   IOM(128)= 1.00000E-30   IOM(129)= 1.00000E-30   IOM(130)= 1.00000E-30
   IOM(131)= 0.00000E+00   IOM(132)= 1.71756E+00   IOM(133)= 3.43764E+00   IOM(134)= 4.29509E+00   IOM(135)= 4.63237E+00
   IOM(136)= 1.00000E-30   IOM(137)= 1.00000E-30   IOM(138)= 9.98682E-01   IOM(139)= 9.98436E-01   IOM(140)= 9.99481E-01
   IOM(141)= 9.99808E-01   IOM(142)= 9.98700E-01   IOM(143)= 1.00000E-30   IOM(144)= 1.00000E-30   IOM(145)= 1.00000E-30
   IOM(146)= 1.00000E-30   IOM(147)= 1.00000E-30   IOM(148)= 1.00000E-30   IOM(149)= 1.00000E-30   IOM(150)= 1.00000E-30
   IOM(151)= 1.00000E-30   IOM(152)= 1.00000E-30   IOM(153)= 1.00000E-30   IOM(154)= 1.00000E-30   IOM(155)= 1.00000E-30
   IOM(156)= 1.00000E-30   IOM(157)= 1.00000E-30   IOM(158)= 1.00000E-30   IOM(159)= 1.00000E-30   IOM(160)= 1.00000E-30
   IOM(161)= 1.00000E-30   IOM(162)= 1.00000E-30   IOM(163)= 1.00000E-30   IOM(164)= 1.00000E-30   IOM(165)= 1.00000E-30
   IOM(166)= 1.00000E-30   IOM(167)= 1.00000E-30   IOM(168)= 1.00000E-30   IOM(169)= 1.00000E-30   IOM(170)= 1.00000E-30
   IOM(171)= 1.00000E-30   IOM(172)= 1.00000E-30   IOM(173)= 1.00000E-30   IOM(174)= 1.00000E-30   IOM(175)= 1.00000E-30
   IOM(176)= 1.00000E-30   IOM(177)= 1.00000E-30   IOM(178)= 1.00000E-30   IOM(179)= 1.00000E-30   IOM(180)= 1.00000E-30
   IOM(181)= 1.00000E-30   IOM(182)= 1.00000E-30   IOM(183)= 1.00000E-30   IOM(184)= 1.00000E-30   IOM(185)= 1.00000E-30
   IOM(186)= 1.00000E-30   IOM(187)= 1.00000E-30   IOM(188)= 1.00000E-30   IOM(189)= 1.00000E-30   IOM(190)= 1.00000E-30
   IOM(191)= 1.00000E-30   IOM(192)= 1.00000E-30   IOM(193)= 1.00000E-30   IOM(194)= 1.00000E-30   IOM(195)= 1.00000E-30
   IOM(196)= 1.00000E-30   IOM(197)= 1.00000E-30   IOM(198)= 1.00000E-30   IOM(199)= 1.00000E-30   IOM(200)= 1.00000E-30
 
   JET(  1)= 7.00000E+02   JET(  2)= 1.24184E+00   JET(  3)= 1.99976E+00   JET(  4)= 5.17592E+02   JET(  5)= 4.06342E+04
   JET(  6)= 4.74871E-06   JET(  7)= 1.00000E-30   JET(  8)= 1.00000E-30   JET(  9)= 1.00000E-30   JET( 10)= 1.00000E-30
   JET( 11)= 1.00000E-30   JET( 12)= 1.00000E-30   JET( 13)= 1.00000E-30   JET( 14)= 1.00000E-30   JET( 15)= 1.00000E-30
   JET( 16)= 1.00000E-30   JET( 17)= 3.91680E+00   JET( 18)= 3.86405E+00   JET( 19)= 3.89949E+00   JET( 20)= 3.86376E+00
   JET( 21)= 8.94124E+00   JET( 22)= 1.00000E-30   JET( 23)= 1.00000E-30   JET( 24)= 1.00000E-30   JET( 25)= 1.00000E-30
   JET( 26)= 1.00000E-30
1                          AUTOMATED STABILITY AND CONTROL METHODS PER APRIL 1976 VERSION OF DATCOM   
                                                     SPECIAL CONTROL METHODS
                                               TRANSVERSE-JET CONTROL EFFECTIVENESS
                                             TRANSVERSE-JET SIZING, EXAMPLE PROBLEM 10
0 TIME (SEC)                      1.0       2.0       3.0       4.0       5.0
0 CONTROL FORCE (LB)           0.100E+04 0.200E+04 0.100E+04 0.500E+03 0.200E+03
0 LOCAL MACH NO.                 10.1       9.0       8.0       7.0       5.9
0 REYNOLDS NO.                 0.102E+09 0.142E+09 0.175E+09 0.191E+09 0.187E+09
0 LOCAL PRESSURE (LB/IN2)      0.138E+02 0.208E+02 0.407E+02 0.627E+02 0.109E+03
0 DYNAMIC PRESSURE (LB/IN2)    0.707E+03 0.113E+04 0.162E+04 0.204E+04 0.249E+04
0 BOUNDARY LAYER                 TURB      TURB      TURB      TURB      LAM 
0 CONTROL-FORCE COEFF.         0.491E-03 0.617E-03 0.215E-03 0.852E-04 0.279E-04
0 CORRECTED FORCE COEFF.       0.501E-03 0.630E-03 0.219E-03 0.870E-04 0.285E-04
0 SONIC AMPLIFICATION FACTOR      2.83      2.80      2.82      2.80      6.09
0 AMPLIFICATION FACTOR             3.9       3.9       3.9       3.9       8.9
0 VACUUM THRUST (LB)           0.255E+03 0.518E+03 0.256E+03 0.129E+03 0.224E+02
0 MIN. PRESSURE RATIO          0.577E+03 0.526E+03 0.477E+03 0.426E+03 0.372E+03
0 MIN. JET PRESSURE (LB/IN2)   0.796E+04 0.109E+05 0.194E+05 0.267E+05 0.406E+05
0 JET PRESSURE (LB/IN2)        0.200E+05 0.406E+05 0.201E+05 0.102E+05 0.176E+04
0 MASS-FLOW RATE (LB/SEC)         1.13      2.30      1.14      0.58      0.10
0 PROPELLANT WEIGHT (LB)          0.00      1.72      3.44      4.30      4.63
1
 Return to main program from M57O71
1          THE FOLLOWING IS A LIST OF ALL INPUT CARDS FOR THIS CASE.
0
1 END OF JOB.
