 THIS SOFTWARE AND ANY ACCOMPANYING DOCUMENTATION
 IS RELEASED "AS IS".  THE U.S. GOVERNMENT MAKES NO
 WARRANTY OF ANY KIND, EXPRESS OR IMPLIED, CONCERNING
 THIS SOFTWARE AND ANY ACCOMPANYING DOCUMENTATION,
 INCLUDING, WITHOUT LIMITATION, ANY WARRANTIES OF
 MERCHANTABILITY OR FITNESS FOR A PARTICULAR PURPOSE.
 IN NO EVENT WILL THE U.S. GOVERNMENT BE LIABLE FOR ANY
 DAMAGES, INCLUDING LOST PROFITS, LOST SAVINGS OR OTHER
 INCIDENTAL OR CONSEQUENTIAL DAMAGES ARISING OUT OF THE 
 USE, OR INABILITY TO USE, THIS SOFTWARE OR ANY
 ACCOMPANYING DOCUMENTATION, EVEN IF INFORMED IN ADVANCE
 OF THE POSSIBILITY OF SUCH DAMAGES.
  ****************************************************
  *    USAF STABILITY AND CONTROL  DIGITAL DATCOM    *
  *    PROGRAM REV. JAN 96   DIRECT INQUIRIES TO:    *
  *    WRIGHT LABORATORY  (WL/FIGC)  ATTN: W. BLAKE  *
  *      WRIGHT PATTERSON AFB, OHIO  45433           *
  *    PHONE (513) 255-6764,   FAX (513) 258-4054    *
  ****************************************************
 Preparing to start the big loop
 At 1000
1                         CONERR - INPUT ERROR CHECKING
0 ERROR CODES - N* DENOTES THE NUMBER OF OCCURENCES OF EACH ERROR
0 A - UNKNOWN VARIABLE NAME
0 B - MISSING EQUAL SIGN FOLLOWING VARIABLE NAME
0 C - NON-ARRAY VARIABLE HAS AN ARRAY ELEMENT DESIGNATION - (N)
0 D - NON-ARRAY VARIABLE HAS MULTIPLE VALUES ASSIGNED
0 E - ASSIGNED VALUES EXCEED ARRAY DIMENSION
0 F - SYNTAX ERROR

0******************************  INPUT DATA CARDS  ******************************

  $FLTCON NMACH=1.0, MACH(1)=10.0, RNNUB(1)=1.06E5,                              
    NALPHA=5.0, ALSCHD(1)=0.0,5.0,10.0,15.0,20.0,                                
    HYPERS=.TRUE.$                                                               
  $OPTINS SREF=1.0, CBARR=1.0$                                                   
  $HYPEFF ALITD=150000.0, XHL=8.0, TWOTI=3.122, CF=2.0,                          
    HDELTA(1)=0.,2.,4.,6.,10.,12.,16.,20.,25.,30.,                               
    LAMNR=.TRUE., HNDLTA=10.0$                                                   
 CASEID FLAT PLATE WITH FLAP IN HYPERSONIC FLOW, EXAMPLE PROBLEM 11              
 NEXT CASE                                                                       
1          THE FOLLOWING IS A LIST OF ALL INPUT CARDS FOR THIS CASE.
0
  $FLTCON NMACH=1.0, MACH(1)=10.0, RNNUB(1)=1.06E5,                              
    NALPHA=5.0, ALSCHD(1)=0.0,5.0,10.0,15.0,20.0,                                
    HYPERS=.TRUE.$                                                               
  $OPTINS SREF=1.0, CBARR=1.0$                                                   
  $HYPEFF ALITD=150000.0, XHL=8.0, TWOTI=3.122, CF=2.0,                          
    HDELTA(1)=0.,2.,4.,6.,10.,12.,16.,20.,25.,30.,                               
    LAMNR=.TRUE., HNDLTA=10.0$                                                   
 CASEID FLAT PLATE WITH FLAP IN HYPERSONIC FLOW, EXAMPLE PROBLEM 11              
 NEXT CASE                                                                       
0 INPUT DIMENSIONS ARE IN FT, SCALE FACTOR IS 1.0000

 Return to main program from M01O01
 Return to main program from M50O62
 Return to main program from M02O02
 Return to main program from M51O63
                       AUTOMATED STABILITY AND CONTROL METHODS
  APRIL 1976 VERSION OF DATCOM
 AERODYNAMIC CONTROL EFFECTIVENESS AT HYPERSONIC SPEEDS
                                    FLAT PLATE WITH FLAP IN HYPERSONIC FLOW, EXAMPLE PROBLEM 11
                    MACH NUMBER=10.00                                                         REYNOLDS NO./FT= 0.11E+06

                    REF. AREA (FT2)=   1.000   LONG. REF. LENGTH(FT)=  1.000
 --INCREMENT IN NORMAL FORCE PER SPANWISE FOOT OF CONTROL------
    DELTA=      0.0      2.0      4.0      6.0     10.0     12.0     16.0     20.0     25.0     30.0
    alpha
 0.00E+00 0.00E+00 2.40E-02 5.16E-02 8.41E-02 1.46E-01 1.74E-01 2.24E-01 2.64E-01 3.03E-01 3.34E-01
 5.00E+00 0.00E+00 3.88E-02 5.98E-02 8.42E-02 1.31E-01 1.54E-01 1.95E-01 2.31E-01 2.68E-01 2.96E-01
 1.00E+01 0.00E+00 7.58E-02 1.75E-01 2.59E-01 4.91E-01 6.40E-01 1.00E+00 1.45E+00 2.09E+00 2.80E+00
 1.50E+01 0.00E+00 1.17E-01 2.61E-01 4.04E-01 7.83E-01 1.03E+00 1.63E+00 2.40E+00 3.61E+00 5.09E+00
 2.00E+01 0.00E+00 1.51E-01 3.32E-01 5.17E-01 9.88E-01 1.28E+00 1.98E+00 2.84E+00 4.13E+00 5.65E+00
 --INCREMENT IN AXIAL FORCE PER SPANWISE FOOT OF CONTROL-------
    DELTA=      0.0      2.0      4.0      6.0     10.0     12.0     16.0     20.0     25.0     30.0
    alpha
 0.00E+00 0.00E+00 8.40E-04 4.16E-04 1.55E-03 5.27E-03 7.65E-03 1.30E-02 1.85E-02 2.51E-02 3.15E-02
 5.00E+00 0.00E+00 1.36E-03 1.31E-03 2.38E-03 5.23E-03 6.95E-03 1.08E-02 1.50E-02 2.02E-02 2.52E-02
 1.00E+01 0.00E+00 2.65E-03 6.36E-03 1.84E-02 7.18E-02 1.18E-01 2.64E-01 4.96E-01 9.36E-01 1.57E+00
 1.50E+01 0.00E+00 4.07E-03 1.30E-02 3.45E-02 1.25E-01 2.02E-01 4.46E-01 8.47E-01 1.65E+00 2.89E+00
 2.00E+01 0.00E+00 5.29E-03 1.84E-02 4.72E-02 1.62E-01 2.57E-01 5.47E-01 1.01E+00 1.90E+00 3.22E+00
                       AUTOMATED STABILITY AND CONTROL METHODS
  APRIL 1976 VERSION OF DATCOM
 AERODYNAMIC CONTROL EFFECTIVENESS AT HYPERSONIC SPEEDS
                                    FLAT PLATE WITH FLAP IN HYPERSONIC FLOW, EXAMPLE PROBLEM 11
                    MACH NUMBER=10.00                                                         REYNOLDS NO./FT= 0.11E+06

                    REF. AREA (FT2)=   1.000   LONG. REF. LENGTH(FT)=  1.000
 -INCREMENT IN PITCHING MOMENT DUE TO NORMAL FORCE INCREMENT PER SPANWISE FOOT OF CONTROL---
    DELTA=      0.0      2.0      4.0      6.0     10.0     12.0     16.0     20.0     25.0     30.0
    alpha
 0.00E+00 0.00E+00-2.40E-02 1.85E-01 2.66E-01 4.33E-01 5.14E-01 6.67E-01 8.04E-01 9.48E-01 1.08E+00
 5.00E+00 0.00E+00-3.88E-02 1.39E-01 2.19E-01 3.75E-01 4.50E-01 5.93E-01 7.23E-01 8.64E-01 9.76E-01
 1.00E+01 0.00E+00-7.57E-02 8.35E-03-1.50E-01-4.57E-01-6.40E-01-1.06E+00-1.55E+00-2.19E+00-2.82E+00
 1.50E+01 0.00E+00-1.17E-01-1.65E-01-3.55E-01-8.01E-01-1.08E+00-1.73E+00-2.53E+00-3.69E+00-4.97E+00
 2.00E+01 0.00E+00-1.51E-01-2.72E-01-4.93E-01-1.02E+00-1.33E+00-2.06E+00-2.92E+00-4.11E+00-5.38E+00
 --INCREMENT IN PITCHING MOMENT DUE TO AXIAL FORCE INCREMENT PER SPANWISE FOOT OF CONTROL---
    DELTA=      0.0      2.0      4.0      6.0     10.0     12.0     16.0     20.0     25.0     30.0
    alpha
 0.00E+00 0.00E+00-2.93E-05 8.92E-06-1.23E-04-9.67E-04-1.71E-03-3.79E-03-6.46E-03-1.02E-02-1.43E-02
 5.00E+00 0.00E+00-4.73E-05-1.21E-04-3.04E-04-1.00E-03-1.53E-03-2.97E-03-4.86E-03-7.78E-03-1.11E-02
 1.00E+01 0.00E+00-9.23E-05-2.83E-04-2.39E-03-1.63E-02-3.19E-02-9.30E-02-2.14E-01-4.91E-01-9.62E-01
 1.50E+01 0.00E+00-1.42E-04-9.93E-04-4.35E-03-2.61E-02-5.03E-02-1.46E-01-3.40E-01-8.11E-01-1.67E+00
 2.00E+01 0.00E+00-1.85E-04-1.45E-03-5.73E-03-3.24E-02-6.13E-02-1.72E-01-3.90E-01-9.00E-01-1.80E+00
                       AUTOMATED STABILITY AND CONTROL METHODS
  APRIL 1976 VERSION OF DATCOM
 AERODYNAMIC CONTROL EFFECTIVENESS AT HYPERSONIC SPEEDS
                                    FLAT PLATE WITH FLAP IN HYPERSONIC FLOW, EXAMPLE PROBLEM 11
                    MACH NUMBER=10.00                                                         REYNOLDS NO./FT= 0.11E+06

                    REF. AREA (FT2)=   1.000   LONG. REF. LENGTH(FT)=  1.000
 ----- CENTER-OF-PRESSURE LOCATION OF NORMAL FORCE----------
    DELTA=      0.0      2.0      4.0      6.0     10.0     12.0     16.0     20.0     25.0     30.0
    alpha
 0.00E+00 3.40E+38-9.99E-01 3.57E+00 3.17E+00 2.97E+00 2.95E+00 2.98E+00 3.04E+00 3.13E+00 3.22E+00
 5.00E+00 3.40E+38-9.99E-01 2.33E+00 2.60E+00 2.85E+00 2.93E+00 3.04E+00 3.13E+00 3.22E+00 3.30E+00
 1.00E+01 3.40E+38-9.99E-01 4.78E-02-5.79E-01-9.31E-01-1.00E+00-1.06E+00-1.07E+00-1.05E+00-1.01E+00
 1.50E+01 3.40E+38-9.99E-01-6.31E-01-8.79E-01-1.02E+00-1.05E+00-1.06E+00-1.05E+00-1.02E+00-9.76E-01
 2.00E+01 3.40E+38-9.99E-01-8.17E-01-9.52E-01-1.03E+00-1.04E+00-1.04E+00-1.03E+00-9.95E-01-9.52E-01
 ----------CENTER-OF-PRESSURE LOCATION OF AXIAL FORCE---------
    DELTA=      0.0      2.0      4.0      6.0     10.0     12.0     16.0     20.0     25.0     30.0
    alpha
 0.00E+00 3.40E+38 3.49E-02-2.14E-02 7.97E-02 1.84E-01 2.24E-01 2.92E-01 3.48E-01 4.05E-01 4.54E-01
 5.00E+00 3.40E+38 3.49E-02 9.20E-02 1.28E-01 1.91E-01 2.20E-01 2.75E-01 3.25E-01 3.84E-01 4.40E-01
 1.00E+01 3.40E+38 3.49E-02 4.45E-02 1.30E-01 2.27E-01 2.70E-01 3.53E-01 4.31E-01 5.25E-01 6.12E-01
 1.50E+01 3.40E+38 3.49E-02 7.67E-02 1.26E-01 2.09E-01 2.49E-01 3.27E-01 4.02E-01 4.92E-01 5.77E-01
 2.00E+01 3.40E+38 3.49E-02 7.88E-02 1.21E-01 2.00E-01 2.38E-01 3.14E-01 3.87E-01 4.75E-01 5.59E-01
 Return to main program from M57O71
1          THE FOLLOWING IS A LIST OF ALL INPUT CARDS FOR THIS CASE.
0
1 END OF JOB.
