 THIS SOFTWARE AND ANY ACCOMPANYING DOCUMENTATION
 IS RELEASED "AS IS".  THE U.S. GOVERNMENT MAKES NO
 WARRANTY OF ANY KIND, EXPRESS OR IMPLIED, CONCERNING
 THIS SOFTWARE AND ANY ACCOMPANYING DOCUMENTATION,
 INCLUDING, WITHOUT LIMITATION, ANY WARRANTIES OF
 MERCHANTABILITY OR FITNESS FOR A PARTICULAR PURPOSE.
 IN NO EVENT WILL THE U.S. GOVERNMENT BE LIABLE FOR ANY
 DAMAGES, INCLUDING LOST PROFITS, LOST SAVINGS OR OTHER
 INCIDENTAL OR CONSEQUENTIAL DAMAGES ARISING OUT OF THE 
 USE, OR INABILITY TO USE, THIS SOFTWARE OR ANY
 ACCOMPANYING DOCUMENTATION, EVEN IF INFORMED IN ADVANCE
 OF THE POSSIBILITY OF SUCH DAMAGES.
  ****************************************************
  *    USAF STABILITY AND CONTROL  DIGITAL DATCOM    *
  *    PROGRAM REV. JAN 96   DIRECT INQUIRIES TO:    *
  *    WRIGHT LABORATORY  (WL/FIGC)  ATTN: W. BLAKE  *
  *      WRIGHT PATTERSON AFB, OHIO  45433           *
  *    PHONE (513) 255-6764,   FAX (513) 258-4054    *
  ****************************************************
 Preparing to start the big loop
 At 1000
1                         CONERR - INPUT ERROR CHECKING
0 ERROR CODES - N* DENOTES THE NUMBER OF OCCURENCES OF EACH ERROR
0 A - UNKNOWN VARIABLE NAME
0 B - MISSING EQUAL SIGN FOLLOWING VARIABLE NAME
0 C - NON-ARRAY VARIABLE HAS AN ARRAY ELEMENT DESIGNATION - (N)
0 D - NON-ARRAY VARIABLE HAS MULTIPLE VALUES ASSIGNED
0 E - ASSIGNED VALUES EXCEED ARRAY DIMENSION
0 F - SYNTAX ERROR

0******************************  INPUT DATA CARDS  ******************************

  $FLTCON  NMACH=4.0, MACH=0.6,0.9,1.4,2.5, LOOP=1.0, NALT=4.0,                  
    ALT=0.0, 2000.0, 40000.0, 90000.0, HYPERS=.FALSE.,                           
    NALPHA=11.0, ALSCHD=-6.0, -4.0, -2.0, 0.0, 2.0, 4.0,                         
    8.0, 12.0, 16.0, 20.0, 24.0$                                                 
  $OPTINS SREF=8.85, CBARR=2.46, BLREF=4.28$                                     
  $SYNTHS XW=3.61, ZW=-.80, ALIW=2.0,XCG=4.14$                                   
  $WGPLNF CHRDTP=0.64, SSPNE=1.59, SSPN=1.59,CHRDR=2.90,                         
     SAVSI=55.0, CHSTAT=0.0, SWAFP=0.0, TWISTA=0.0,                              
     SSPNDD=0.0, DHDADI=0.0, DHDADO=0.0, TYPE=1.0$                               
  $WGSCHR DELTAY=2.85, XOVC=0.4, CLI=0.127, ALPHAI=0.123,                        
     CLALPA=0.1335, TOVC=0.11, CLMAX(1)=1.195, CMO=-0.0262,                      
     LERI=0.0134, CAMBER=.TRUE., CLAMO=0.105, TCEFF=0.055$                       
 CASEID STRAIGHT TAPERED EXPOSED WING SOLUTION, EXAMPLE PROBLEM 2,CASE 1         
 SAVE                                                                            
 DUMP A                                                                          
 NEXT CASE                                                                       
  $FLTCON NMACH=2.0,MACH=0.6,2.5, LOOP=2.0, NALT=2.0, ALT=0.0, 90000.0$          
  $SYNTHS XW=2.497, ZW=0.710$                                                    
  $WGPLNF SSPNOP=1.11, CHRDBP=2.24, CHRDR=4.01,                                  
    SAVSI=75.1, SAVSO=55.0, TYPE=3.0$                                            
  $WGSCHR  TOVC=0.1, LERI=0.011, LERO=0.0158, TOVCO=0.12,                        
    XOVCO=0.40, CMOT=-0.0262$                                                    
 CASEID EXPOSED CRANKED WING SOLUTION, EXAMPLE PROBLEM 2, CASE 2                 
 SAVE                                                                            
 NEXT CASE                                                                       
  $FLTCON LOOP=3.0$                                                              
  $WGPLNF TYPE=2.0$                                                              
 CASEID EXPOSED DOUBLE DELTA WING SOLUTION, EXAMPLE PROBLEM 2, CASE 3            
 NEXT CASE                                                                       
1          THE FOLLOWING IS A LIST OF ALL INPUT CARDS FOR THIS CASE.
0
  $FLTCON  NMACH=4.0, MACH=0.6,0.9,1.4,2.5, LOOP=1.0, NALT=4.0,                  
    ALT=0.0, 2000.0, 40000.0, 90000.0, HYPERS=.FALSE.,                           
    NALPHA=11.0, ALSCHD=-6.0, -4.0, -2.0, 0.0, 2.0, 4.0,                         
    8.0, 12.0, 16.0, 20.0, 24.0$                                                 
  $OPTINS SREF=8.85, CBARR=2.46, BLREF=4.28$                                     
  $SYNTHS XW=3.61, ZW=-.80, ALIW=2.0,XCG=4.14$                                   
  $WGPLNF CHRDTP=0.64, SSPNE=1.59, SSPN=1.59,CHRDR=2.90,                         
     SAVSI=55.0, CHSTAT=0.0, SWAFP=0.0, TWISTA=0.0,                              
     SSPNDD=0.0, DHDADI=0.0, DHDADO=0.0, TYPE=1.0$                               
  $WGSCHR DELTAY=2.85, XOVC=0.4, CLI=0.127, ALPHAI=0.123,                        
     CLALPA=0.1335, TOVC=0.11, CLMAX(1)=1.195, CMO=-0.0262,                      
     LERI=0.0134, CAMBER=.TRUE., CLAMO=0.105, TCEFF=0.055$                       
 CASEID STRAIGHT TAPERED EXPOSED WING SOLUTION, EXAMPLE PROBLEM 2,CASE 1         
 SAVE                                                                            
 DUMP A                                                                          
 NEXT CASE                                                                       
0 INPUT DIMENSIONS ARE IN FT, SCALE FACTOR IS 1.0000

 Return to main program from M01O01
 Return to main program from M50O62
 Return to main program from M02O02
 Return to main program from M51O63
 
     A(  1)= 5.62860E+00     A(  2)= 1.28000E-30     A(  3)= 5.62860E+00     A(  4)= 5.62860E+00     A(  5)= 1.79661E+00
     A(  6)= 1.00000E+00     A(  7)= 1.79661E+00     A(  8)= 1.00000E-30     A(  9)= 1.00000E-30     A( 10)= 2.90000E+00
     A( 11)= 1.00000E-30     A( 12)= 1.00000E-30     A( 13)= 1.00000E-30     A( 14)= 1.00000E-30     A( 15)= 2.01047E+00
     A( 16)= 2.01047E+00     A( 17)= 6.40000E-01     A( 18)= 7.83019E-01     A( 19)= 1.00000E+00     A( 20)= 1.00000E-30
     A( 21)= 1.59000E+00     A( 22)= 1.00000E-30     A( 23)= 1.59000E+00     A( 24)= 1.00000E-30     A( 25)= 2.20690E-01
     A( 26)= 2.20690E-01     A( 27)= 2.20690E-01     A( 28)= 1.00000E+00     A( 29)= 2.91076E+00     A( 30)= 1.89900E+00
     A( 31)= 6.25819E-01     A( 32)= 6.25819E-01     A( 33)= 1.59000E+00     A( 34)= 5.50000E+01     A( 35)= 9.59931E-01
     A( 36)= 8.19152E-01     A( 37)= 5.73576E-01     A( 38)= 1.42815E+00     A( 39)= 9.59931E-01     A( 40)= 4.70116E+01
     A( 41)= 8.20506E-01     A( 42)= 7.31491E-01     A( 43)= 6.81851E-01     A( 44)= 1.07280E+00     A( 45)= 8.20506E-01
     A( 46)= 3.56578E+01     A( 47)= 6.22346E-01     A( 48)= 5.82943E-01     A( 49)= 8.12513E-01     A( 50)= 7.17456E-01
     A( 51)= 6.22346E-01     A( 52)= 3.87566E-01     A( 53)= 6.76431E-03     A( 54)= 6.76426E-03     A( 55)= 9.99977E-01
     A( 56)= 6.76441E-03     A( 57)= 6.76431E-03     A( 58)= 5.50000E+01     A( 59)= 9.59931E-01     A( 60)= 8.19152E-01
     A( 61)= 5.73576E-01     A( 62)= 1.42815E+00     A( 63)= 9.59931E-01     A( 64)= 4.70116E+01     A( 65)= 8.20506E-01
     A( 66)= 7.31491E-01     A( 67)= 6.81851E-01     A( 68)= 1.07280E+00     A( 69)= 8.20506E-01     A( 70)= 3.56578E+01
     A( 71)= 6.22346E-01     A( 72)= 5.82943E-01     A( 73)= 8.12513E-01     A( 74)= 7.17456E-01     A( 75)= 6.22346E-01
     A( 76)= 3.87566E-01     A( 77)= 6.76431E-03     A( 78)= 6.76426E-03     A( 79)= 9.99977E-01     A( 80)= 6.76441E-03
     A( 81)= 6.76431E-03     A( 82)= 0.00000E+00     A( 83)= 0.00000E+00     A( 84)= 0.00000E+00     A( 85)= 1.00000E+00
     A( 86)= 0.00000E+00     A( 87)= 0.00000E+00     A( 88)= 0.00000E+00     A( 89)= 0.00000E+00     A( 90)= 0.00000E+00
     A( 91)= 1.00000E+00     A( 92)= 0.00000E+00     A( 93)= 0.00000E+00     A( 94)= 0.00000E+00     A( 95)= 0.00000E+00
     A( 96)= 0.00000E+00     A( 97)= 1.00000E+00     A( 98)= 0.00000E+00     A( 99)= 0.00000E+00     A(100)= 0.00000E+00
     A(101)= 0.00000E+00     A(102)= 0.00000E+00     A(103)= 1.00000E+00     A(104)= 0.00000E+00     A(105)= 0.00000E+00
     A(106)= 5.50000E+01     A(107)= 9.59931E-01     A(108)= 8.19152E-01     A(109)= 5.73576E-01     A(110)= 1.42815E+00
     A(111)= 9.59931E-01     A(112)= 0.00000E+00     A(113)= 0.00000E+00     A(114)= 0.00000E+00     A(115)= 1.00000E+00
     A(116)= 0.00000E+00     A(117)= 0.00000E+00     A(118)= 2.20690E-01     A(119)= 5.62860E+00     A(120)= 1.79661E+00
     A(121)= 2.01047E+00     A(122)= 2.01047E+00     A(123)= 4.75379E-01     A(124)= 8.46243E-01     A(125)= 4.13593E+00
     A(126)=-1.08652E+00     A(127)= 2.85598E+01     A(128)= 3.50000E+00     A(129)= 4.24094E+06     A(130)= 6.25819E-01
     A(131)= 1.33500E-01     A(132)= 1.19500E+00     A(133)= 0.00000E+00     A(134)=-8.28311E-01     A(135)= 1.00000E-30
     A(136)= 6.25819E-01     A(137)= 1.00000E+00     A(138)= 0.00000E+00     A(139)= 0.00000E+00     A(140)= 0.00000E+00
     A(141)= 1.00000E+00     A(142)= 0.00000E+00     A(143)= 0.00000E+00     A(144)= 6.32750E+00     A(145)= 5.90000E-01
     A(146)= 1.00000E-30     A(147)= 2.63384E+01     A(148)= 4.59692E-01     A(149)= 4.43672E-01     A(150)= 8.96189E-01
     A(151)= 4.95065E-01     A(152)= 4.59692E-01     A(153)= 2.68220E+01     A(154)= 4.68133E-01     A(155)= 4.51221E-01
     A(156)= 8.92412E-01     A(157)= 5.05619E-01     A(158)= 4.68133E-01     A(159)= 5.82759E-01     A(160)= 4.06108E+00
     A(161)= 1.39638E+00     A(162)= 1.00000E+00     A(163)= 1.79661E+00     A(164)= 7.95000E-01     A(165)= 7.95000E-01
     A(166)= 1.00000E-30     A(167)= 1.00000E-30     A(168)= 1.00000E-30     A(169)= 1.00000E-30     A(170)= 1.82759E-01
     A(171)= 1.00000E-30     A(172)= 1.00000E-30     A(173)= 5.30000E-01     A(174)= 4.00000E-01     A(175)= 4.06822E+01
     A(176)= 7.10038E-01     A(177)= 6.51863E-01     A(178)= 7.58337E-01     A(179)= 8.59595E-01     A(180)= 7.10038E-01
     A(181)= 0.00000E+00     A(182)= 0.00000E+00     A(183)= 0.00000E+00     A(184)= 1.00000E+00     A(185)= 0.00000E+00
     A(186)= 0.00000E+00     A(187)= 4.06822E+01     A(188)= 7.10038E-01     A(189)= 6.51863E-01     A(190)= 7.58337E-01
     A(191)= 8.59595E-01     A(192)= 7.10038E-01     A(193)= 1.00000E-30     A(194)= 1.00000E-30     A(195)= 8.93762E-01
1                               AUTOMATED STABILITY AND CONTROL METHODS PER APRIL 1976 VERSION OF DATCOM
                                         CHARACTERISTICS AT ANGLE OF ATTACK AND IN SIDESLIP
                                                      WING ALONE CONFIGURATION
                                 STRAIGHT TAPERED EXPOSED WING SOLUTION, EXAMPLE PROBLEM 2,CASE 1
 
 -----------------------  FLIGHT CONDITIONS  ------------------------           --------------  REFERENCE DIMENSIONS  ------------
  MACH    ALTITUDE   VELOCITY    PRESSURE    TEMPERATURE     REYNOLDS             REF.      REFERENCE LENGTH   MOMENT REF. CENTER
 NUMBER                                                       NUMBER              AREA       LONG.     LAT.     HORIZ      VERT
             FT       FT/SEC     LB/FT**2       DEG R         1/FT               FT**2        FT        FT        FT        FT
0 0.600       0.00     669.80   2.1162E+03     518.670     4.2409E+06             8.850      2.460     4.280     4.140     0.000
0                                                               -------------------DERIVATIVE (PER DEGREE)-------------------
0 ALPHA     CD       CL       CM       CN       CA       XCP        CLA          CMA          CYB          CNB          CLB
0
   -6.0    0.007   -0.087    0.0264  -0.087   -0.002   -0.303    2.602E-02   -9.884E-03    2.199E-05    1.127E-05    3.984E-04
   -4.0    0.005   -0.031    0.0073  -0.031    0.003   -0.233    2.715E-02   -9.689E-03    2.387E-06    1.401E-06    1.428E-04
   -2.0    0.005    0.022   -0.0124   0.022    0.006   -0.571    2.704E-02   -1.043E-02    2.005E-06    8.039E-07   -1.004E-04
    0.0    0.006    0.077   -0.0344   0.077    0.006   -0.447    2.836E-02   -1.171E-02    2.080E-05    9.483E-06   -3.540E-04
    2.0    0.010    0.135   -0.0592   0.136    0.005   -0.437    2.975E-02   -1.295E-02    6.210E-05    2.911E-05   -6.216E-04
    4.0    0.016    0.196   -0.0862   0.197    0.002   -0.438    3.083E-02   -1.364E-02    1.289E-04    6.116E-05   -9.007E-04
    8.0    0.036    0.323   -0.1419   0.325   -0.010   -0.437    3.049E-02   -1.404E-02    3.468E-04    1.658E-04   -1.484E-03
   12.0    0.062    0.440   -0.1985   0.443   -0.031   -0.448    2.598E-02   -1.361E-02    6.502E-04    3.092E-04   -2.021E-03
   16.0    0.088    0.531   -0.2508   0.534   -0.062   -0.469    1.839E-02   -1.175E-02    9.638E-04    4.542E-04   -2.438E-03
   20.0    0.107    0.587   -0.2925   0.588   -0.101   -0.497    9.285E-03   -8.734E-03    1.213E-03    5.624E-04   -2.697E-03
   24.0    0.113    0.605   -0.3207   0.599   -0.143   -0.536   -3.120E-04   -5.360E-03    1.331E-03    6.070E-04   -2.780E-03
 
     A(  1)= 5.62860E+00     A(  2)= 1.28000E-30     A(  3)= 5.62860E+00     A(  4)= 5.62860E+00     A(  5)= 1.79661E+00
     A(  6)= 1.00000E+00     A(  7)= 1.79661E+00     A(  8)= 1.00000E-30     A(  9)= 1.00000E-30     A( 10)= 2.90000E+00
     A( 11)= 1.00000E-30     A( 12)= 1.00000E-30     A( 13)= 1.00000E-30     A( 14)= 1.00000E-30     A( 15)= 2.01047E+00
     A( 16)= 2.01047E+00     A( 17)= 6.40000E-01     A( 18)= 7.83019E-01     A( 19)= 1.00000E+00     A( 20)= 1.00000E-30
     A( 21)= 1.59000E+00     A( 22)= 1.00000E-30     A( 23)= 1.59000E+00     A( 24)= 1.00000E-30     A( 25)= 2.20690E-01
     A( 26)= 2.20690E-01     A( 27)= 2.20690E-01     A( 28)= 1.00000E+00     A( 29)= 2.91076E+00     A( 30)= 1.89900E+00
     A( 31)= 6.25819E-01     A( 32)= 6.25819E-01     A( 33)= 1.59000E+00     A( 34)= 5.50000E+01     A( 35)= 9.59931E-01
     A( 36)= 8.19152E-01     A( 37)= 5.73576E-01     A( 38)= 1.42815E+00     A( 39)= 9.59931E-01     A( 40)= 4.70116E+01
     A( 41)= 8.20506E-01     A( 42)= 7.31491E-01     A( 43)= 6.81851E-01     A( 44)= 1.07280E+00     A( 45)= 8.20506E-01
     A( 46)= 3.56578E+01     A( 47)= 6.22346E-01     A( 48)= 5.82943E-01     A( 49)= 8.12513E-01     A( 50)= 7.17456E-01
     A( 51)= 6.22346E-01     A( 52)= 3.87566E-01     A( 53)= 6.76431E-03     A( 54)= 6.76426E-03     A( 55)= 9.99977E-01
     A( 56)= 6.76441E-03     A( 57)= 6.76431E-03     A( 58)= 5.50000E+01     A( 59)= 9.59931E-01     A( 60)= 8.19152E-01
     A( 61)= 5.73576E-01     A( 62)= 1.42815E+00     A( 63)= 9.59931E-01     A( 64)= 4.70116E+01     A( 65)= 8.20506E-01
     A( 66)= 7.31491E-01     A( 67)= 6.81851E-01     A( 68)= 1.07280E+00     A( 69)= 8.20506E-01     A( 70)= 3.56578E+01
     A( 71)= 6.22346E-01     A( 72)= 5.82943E-01     A( 73)= 8.12513E-01     A( 74)= 7.17456E-01     A( 75)= 6.22346E-01
     A( 76)= 3.87566E-01     A( 77)= 6.76431E-03     A( 78)= 6.76426E-03     A( 79)= 9.99977E-01     A( 80)= 6.76441E-03
     A( 81)= 6.76431E-03     A( 82)= 0.00000E+00     A( 83)= 0.00000E+00     A( 84)= 0.00000E+00     A( 85)= 1.00000E+00
     A( 86)= 1.00000E-05     A( 87)= 0.00000E+00     A( 88)= 0.00000E+00     A( 89)= 0.00000E+00     A( 90)= 0.00000E+00
     A( 91)= 1.00000E+00     A( 92)= 0.00000E+00     A( 93)= 0.00000E+00     A( 94)= 0.00000E+00     A( 95)= 0.00000E+00
     A( 96)= 0.00000E+00     A( 97)= 1.00000E+00     A( 98)= 0.00000E+00     A( 99)= 0.00000E+00     A(100)= 0.00000E+00
     A(101)= 0.00000E+00     A(102)= 0.00000E+00     A(103)= 1.00000E+00     A(104)= 0.00000E+00     A(105)= 0.00000E+00
     A(106)= 5.50000E+01     A(107)= 9.59931E-01     A(108)= 8.19152E-01     A(109)= 5.73576E-01     A(110)= 1.42815E+00
     A(111)= 9.59931E-01     A(112)= 0.00000E+00     A(113)= 0.00000E+00     A(114)= 0.00000E+00     A(115)= 1.00000E+00
     A(116)= 0.00000E+00     A(117)= 0.00000E+00     A(118)= 2.20690E-01     A(119)= 5.62860E+00     A(120)= 1.79661E+00
     A(121)= 2.01047E+00     A(122)= 2.01047E+00     A(123)= 4.75379E-01     A(124)= 8.46243E-01     A(125)= 4.13593E+00
     A(126)=-1.08652E+00     A(127)= 2.85598E+01     A(128)= 3.50000E+00     A(129)= 6.02050E+06     A(130)= 6.25819E-01
     A(131)= 1.31250E-01     A(132)= 1.00000E-30     A(133)= 0.00000E+00     A(134)=-8.44619E-01     A(135)= 1.00000E-30
     A(136)= 6.25819E-01     A(137)= 1.00000E+00     A(138)= 0.00000E+00     A(139)= 0.00000E+00     A(140)= 0.00000E+00
     A(141)= 1.00000E+00     A(142)= 0.00000E+00     A(143)= 0.00000E+00     A(144)= 6.32750E+00     A(145)= 5.90000E-01
     A(146)= 1.00000E-30     A(147)= 2.63547E+01     A(148)= 4.59976E-01     A(149)= 4.43927E-01     A(150)= 8.96063E-01
     A(151)= 4.95419E-01     A(152)= 4.59976E-01     A(153)= 2.68382E+01     A(154)= 4.68415E-01     A(155)= 4.51473E-01
     A(156)= 8.92285E-01     A(157)= 5.05974E-01     A(158)= 4.68415E-01     A(159)= 5.82759E-01     A(160)= 4.06108E+00
     A(161)= 1.39638E+00     A(162)= 1.00000E+00     A(163)= 1.79661E+00     A(164)= 7.95000E-01     A(165)= 7.95000E-01
     A(166)= 1.00000E-30     A(167)= 1.00000E-30     A(168)= 1.00000E-30     A(169)= 1.00000E-30     A(170)= 1.82759E-01
     A(171)= 1.00000E-30     A(172)= 1.00000E-30     A(173)= 5.30000E-01     A(174)= 4.00000E-01     A(175)= 4.06822E+01
     A(176)= 7.10038E-01     A(177)= 6.51863E-01     A(178)= 7.58337E-01     A(179)= 8.59595E-01     A(180)= 7.10038E-01
     A(181)= 0.00000E+00     A(182)= 0.00000E+00     A(183)= 0.00000E+00     A(184)= 1.00000E+00     A(185)= 0.00000E+00
     A(186)= 0.00000E+00     A(187)= 4.06822E+01     A(188)= 7.10038E-01     A(189)= 6.51863E-01     A(190)= 7.58337E-01
     A(191)= 8.59595E-01     A(192)= 7.10038E-01     A(193)= 1.00000E-30     A(194)= 1.00000E-30     A(195)= 8.93762E-01
1                               AUTOMATED STABILITY AND CONTROL METHODS PER APRIL 1976 VERSION OF DATCOM
                                         CHARACTERISTICS AT ANGLE OF ATTACK AND IN SIDESLIP
                                                      WING ALONE CONFIGURATION
                                 STRAIGHT TAPERED EXPOSED WING SOLUTION, EXAMPLE PROBLEM 2,CASE 1
 
 -----------------------  FLIGHT CONDITIONS  ------------------------           --------------  REFERENCE DIMENSIONS  ------------
  MACH    ALTITUDE   VELOCITY    PRESSURE    TEMPERATURE     REYNOLDS             REF.      REFERENCE LENGTH   MOMENT REF. CENTER
 NUMBER                                                       NUMBER              AREA       LONG.     LAT.     HORIZ      VERT
             FT       FT/SEC     LB/FT**2       DEG R         1/FT               FT**2        FT        FT        FT        FT
0 0.900    2000.00     997.76   1.9677E+03     511.538     6.0205E+06             8.850      2.460     4.280     4.140     0.000
0                                                               -------------------DERIVATIVE (PER DEGREE)-------------------
0 ALPHA     CD       CL       CM       CN       CA       XCP        CLA          CMA          CYB          CNB          CLB
0
   -6.0    0.004    NDM       NDM     NDM      NDM     -0.440    2.645E-02   -1.163E-02      NDM          NDM          NDM 
   -4.0                                                                                                                NDM 
   -2.0                                                                                                                NDM 
    0.0                                                                                                                NDM 
    2.0                                                                                                                NDM 
    4.0                                                                                                                NDM 
    8.0                                                                                                                NDM 
   12.0                                                                                                                NDM 
   16.0                                                                                                                NDM 
   20.0                                                                                                                NDM 
   24.0                                                                                                                NDM 
0*** NDM PRINTED WHEN NO DATCOM METHODS EXIST
1                             AUTOMATED STABILITY AND CONTROL METHODS PER APRIL 1976 VERSION OF DATCOM
                                             CONFIGURATION AUXILIARY AND PARTIAL OUTPUT
                                                      WING ALONE CONFIGURATION
                                 STRAIGHT TAPERED EXPOSED WING SOLUTION, EXAMPLE PROBLEM 2,CASE 1
 -----------------------  FLIGHT CONDITIONS  ------------------------           --------------  REFERENCE DIMENSIONS  ------------
  MACH    ALTITUDE   VELOCITY    PRESSURE    TEMPERATURE     REYNOLDS             REF.      REFERENCE LENGTH   MOMENT REF. CENTER
 NUMBER                                                       NUMBER              AREA       LONG.     LAT.     HORIZ      VERT
             FT       FT/SEC     LB/FT**2       DEG R         1/FT               FT**2        FT        FT        FT        FT
0 0.900    2000.00     997.76   1.9677E+03     511.538     6.0205E+06             8.850      2.460     4.280     4.140     0.000


                                         XCG RELATIVE TO THEORETICAL LEADING EDGE MAC=  -0.36


                                                       BASIC PLANFORM PROPERTIES

                                    TAPER     ASPECT   QUARTER CHORD             QUARTER CHORD              ZERO LIFT    FRICTION
                         AREA       RATIO      RATIO       SWEEP        MAC        X(MAC)       Y(MAC)        DRAG     COEFFICIENT
0      WING
   TOTAL THEORITICAL
+                     0.5629E+01    0.221    0.1797E+01    47.012    0.201E+01    0.501E+01    0.626E+00                       
       TOTAL EXPOSED
+                     0.5629E+01    0.221    0.1797E+01    47.012    0.201E+01    0.501E+01    0.626E+00    0.418E-02    0.283E-02
1                             AUTOMATED STABILITY AND CONTROL METHODS PER APRIL 1976 VERSION OF DATCOM
                                             CONFIGURATION AUXILIARY AND PARTIAL OUTPUT
                                                      WING ALONE CONFIGURATION
                                 STRAIGHT TAPERED EXPOSED WING SOLUTION, EXAMPLE PROBLEM 2,CASE 1
 -----------------------  FLIGHT CONDITIONS  ------------------------           --------------  REFERENCE DIMENSIONS  ------------
  MACH    ALTITUDE   VELOCITY    PRESSURE    TEMPERATURE     REYNOLDS             REF.      REFERENCE LENGTH   MOMENT REF. CENTER
 NUMBER                                                       NUMBER              AREA       LONG.     LAT.     HORIZ      VERT
             FT       FT/SEC     LB/FT**2       DEG R         1/FT               FT**2        FT        FT        FT        FT
0 0.900    2000.00     997.76   1.9677E+03     511.538     6.0205E+06             8.850      2.460     4.280     4.140     0.000


                                                      *** WING DATA FAIRING ***
                                       CDL/CL**2 = 0.3584E+00     CLB/CL =-0.3941E-02
            FORCE BREAK MACH NUMBER (ZERO SWEEP) = 0.9474E+00     FORCE BREAK MACH NUMBER (WITH SWEEP) = 0.9620E+00
                      MACH(A) = 1.032     CLA(A) = 0.2266E-01     MACH(B) = 1.102     CLA(B) = 0.2162E-01
                                                (CLB/CL)M=0.6 =-0.4594E-02     (CLB/CL)M=1.4 =-0.2097E-02

                                                  LIFT-CURVE-SLOPE INTERPOLATION TABLE
                                                      MACH               CL-ALPHA
                                                     0.750               0.2660E-01
                                                     0.962               0.2544E-01
                                                     1.032               0.2266E-01
                                                     1.102               0.2162E-01
                                                     1.400               0.2414E-01
1
 
     A(  1)= 5.62860E+00     A(  2)= 1.28000E-30     A(  3)= 5.62860E+00     A(  4)= 5.62860E+00     A(  5)= 1.79661E+00
     A(  6)= 1.00000E+00     A(  7)= 1.79661E+00     A(  8)= 1.00000E-30     A(  9)= 1.00000E-30     A( 10)= 2.90000E+00
     A( 11)= 1.00000E-30     A( 12)= 1.00000E-30     A( 13)= 1.00000E-30     A( 14)= 1.00000E-30     A( 15)= 2.01047E+00
     A( 16)= 2.01047E+00     A( 17)= 6.40000E-01     A( 18)= 7.83019E-01     A( 19)= 1.00000E+00     A( 20)= 1.00000E-30
     A( 21)= 1.59000E+00     A( 22)= 1.00000E-30     A( 23)= 1.59000E+00     A( 24)= 1.00000E-30     A( 25)= 2.20690E-01
     A( 26)= 2.20690E-01     A( 27)= 2.20690E-01     A( 28)= 1.00000E+00     A( 29)= 2.91076E+00     A( 30)= 1.89900E+00
     A( 31)= 6.25819E-01     A( 32)= 6.25819E-01     A( 33)= 1.59000E+00     A( 34)= 5.50000E+01     A( 35)= 9.59931E-01
     A( 36)= 8.19152E-01     A( 37)= 5.73576E-01     A( 38)= 1.42815E+00     A( 39)= 9.59931E-01     A( 40)= 4.70116E+01
     A( 41)= 8.20506E-01     A( 42)= 7.31491E-01     A( 43)= 6.81851E-01     A( 44)= 1.07280E+00     A( 45)= 8.20506E-01
     A( 46)= 3.56578E+01     A( 47)= 6.22346E-01     A( 48)= 5.82943E-01     A( 49)= 8.12513E-01     A( 50)= 7.17456E-01
     A( 51)= 6.22346E-01     A( 52)= 3.87566E-01     A( 53)= 6.76431E-03     A( 54)= 6.76426E-03     A( 55)= 9.99977E-01
     A( 56)= 6.76441E-03     A( 57)= 6.76431E-03     A( 58)= 5.50000E+01     A( 59)= 9.59931E-01     A( 60)= 8.19152E-01
     A( 61)= 5.73576E-01     A( 62)= 1.42815E+00     A( 63)= 9.59931E-01     A( 64)= 4.70116E+01     A( 65)= 8.20506E-01
     A( 66)= 7.31491E-01     A( 67)= 6.81851E-01     A( 68)= 1.07280E+00     A( 69)= 8.20506E-01     A( 70)= 3.56578E+01
     A( 71)= 6.22346E-01     A( 72)= 5.82943E-01     A( 73)= 8.12513E-01     A( 74)= 7.17456E-01     A( 75)= 6.22346E-01
     A( 76)= 3.87566E-01     A( 77)= 6.76431E-03     A( 78)= 6.76426E-03     A( 79)= 9.99977E-01     A( 80)= 6.76441E-03
     A( 81)= 6.76431E-03     A( 82)= 0.00000E+00     A( 83)= 0.00000E+00     A( 84)= 0.00000E+00     A( 85)= 1.00000E+00
     A( 86)= 0.00000E+00     A( 87)= 0.00000E+00     A( 88)= 0.00000E+00     A( 89)= 0.00000E+00     A( 90)= 0.00000E+00
     A( 91)= 1.00000E+00     A( 92)= 0.00000E+00     A( 93)= 0.00000E+00     A( 94)= 0.00000E+00     A( 95)= 0.00000E+00
     A( 96)= 0.00000E+00     A( 97)= 1.00000E+00     A( 98)= 0.00000E+00     A( 99)= 0.00000E+00     A(100)= 0.00000E+00
     A(101)= 0.00000E+00     A(102)= 0.00000E+00     A(103)= 1.00000E+00     A(104)= 0.00000E+00     A(105)= 0.00000E+00
     A(106)= 5.50000E+01     A(107)= 9.59931E-01     A(108)= 8.19152E-01     A(109)= 5.73576E-01     A(110)= 1.42815E+00
     A(111)= 9.59931E-01     A(112)= 0.00000E+00     A(113)= 0.00000E+00     A(114)= 0.00000E+00     A(115)= 1.00000E+00
     A(116)= 0.00000E+00     A(117)= 0.00000E+00     A(118)= 2.20690E-01     A(119)= 5.62860E+00     A(120)= 1.79661E+00
     A(121)= 2.01047E+00     A(122)= 2.01047E+00     A(123)= 4.75379E-01     A(124)= 8.46243E-01     A(125)= 4.13593E+00
     A(126)=-1.08652E+00     A(127)= 2.85598E+01     A(128)= 3.50000E+00     A(129)= 2.66828E+06     A(130)= 6.25819E-01
     A(131)= 1.31250E-01     A(132)= 1.00000E-30     A(133)= 0.00000E+00     A(134)=-8.44619E-01     A(135)= 1.00000E-30
     A(136)= 6.25819E-01     A(137)= 1.00000E+00     A(138)= 0.00000E+00     A(139)= 0.00000E+00     A(140)= 0.00000E+00
     A(141)= 1.00000E+00     A(142)= 0.00000E+00     A(143)= 0.00000E+00     A(144)= 6.32750E+00     A(145)= 5.90000E-01
     A(146)= 1.00000E-30     A(147)= 2.63547E+01     A(148)= 4.59976E-01     A(149)= 4.43927E-01     A(150)= 8.96063E-01
     A(151)= 4.95419E-01     A(152)= 4.59976E-01     A(153)= 2.68382E+01     A(154)= 4.68415E-01     A(155)= 4.51473E-01
     A(156)= 8.92285E-01     A(157)= 5.05974E-01     A(158)= 4.68415E-01     A(159)= 5.82759E-01     A(160)= 4.06108E+00
     A(161)= 1.39638E+00     A(162)= 1.00000E+00     A(163)= 1.79661E+00     A(164)= 7.95000E-01     A(165)= 7.95000E-01
     A(166)= 1.00000E-30     A(167)= 1.00000E-30     A(168)= 1.00000E-30     A(169)= 1.00000E-30     A(170)= 1.82759E-01
     A(171)= 1.00000E-30     A(172)= 1.00000E-30     A(173)= 5.30000E-01     A(174)= 4.00000E-01     A(175)= 4.06822E+01
     A(176)= 7.10038E-01     A(177)= 6.51863E-01     A(178)= 7.58337E-01     A(179)= 8.59595E-01     A(180)= 7.10038E-01
     A(181)= 0.00000E+00     A(182)= 0.00000E+00     A(183)= 0.00000E+00     A(184)= 1.00000E+00     A(185)= 0.00000E+00
     A(186)= 0.00000E+00     A(187)= 4.06822E+01     A(188)= 7.10038E-01     A(189)= 6.51863E-01     A(190)= 7.58337E-01
     A(191)= 8.59595E-01     A(192)= 7.10038E-01     A(193)= 1.00000E-30     A(194)= 1.00000E-30     A(195)= 8.93762E-01
1                               AUTOMATED STABILITY AND CONTROL METHODS PER APRIL 1976 VERSION OF DATCOM
                                         CHARACTERISTICS AT ANGLE OF ATTACK AND IN SIDESLIP
                                                      WING ALONE CONFIGURATION
                                 STRAIGHT TAPERED EXPOSED WING SOLUTION, EXAMPLE PROBLEM 2,CASE 1
 
 -----------------------  FLIGHT CONDITIONS  ------------------------           --------------  REFERENCE DIMENSIONS  ------------
  MACH    ALTITUDE   VELOCITY    PRESSURE    TEMPERATURE     REYNOLDS             REF.      REFERENCE LENGTH   MOMENT REF. CENTER
 NUMBER                                                       NUMBER              AREA       LONG.     LAT.     HORIZ      VERT
             FT       FT/SEC     LB/FT**2       DEG R         1/FT               FT**2        FT        FT        FT        FT
0 1.400   40000.00    1355.16   3.9312E+02     389.970     2.6683E+06             8.850      2.460     4.280     4.140     0.000
0                                                               -------------------DERIVATIVE (PER DEGREE)-------------------
0 ALPHA     CD       CL       CM       CN       CA       XCP        CLA          CMA          CYB          CNB          CLB
0
   -6.0    0.019   -0.102    0.0482  -0.103    0.008   -0.466    2.414E-02   -1.205E-02      NDM          NDM        2.141E-04
   -4.0    0.015   -0.050    0.0241  -0.051    0.011   -0.476    2.551E-02                                           1.048E-04
   -2.0    0.013    0.000    0.0000   0.000    0.013    0.000    2.488E-02                                           9.597E-07
    0.0    0.015    0.050   -0.0241   0.050    0.015   -0.485    2.551E-02                                          -1.030E-04
    2.0    0.019    0.102   -0.0482   0.103    0.015   -0.470    2.659E-02                                          -2.124E-04
    4.0    0.026    0.156   -0.0723   0.158    0.015   -0.459    2.728E-02                                          -3.261E-04
    8.0    0.051    0.267   -0.1205   0.272    0.013   -0.444    2.764E-02                                          -5.621E-04
   12.0    0.088    0.377     NDM     0.387    0.008             2.677E-02                                          -8.016E-04
   16.0    0.135    0.481     NDM     0.500   -0.003             2.466E-02                                          -1.035E-03
   20.0    0.187    0.575     NDM     0.604   -0.021             2.146E-02                                          -1.250E-03
   24.0    0.238    0.653     NDM     0.693   -0.049             1.775E-02                                          -1.435E-03
0*** NDM PRINTED WHEN NO DATCOM METHODS EXIST
 
     A(  1)= 5.62860E+00     A(  2)= 1.28000E-30     A(  3)= 5.62860E+00     A(  4)= 5.62860E+00     A(  5)= 1.79661E+00
     A(  6)= 1.00000E+00     A(  7)= 1.79661E+00     A(  8)= 1.00000E-30     A(  9)= 1.00000E-30     A( 10)= 2.90000E+00
     A( 11)= 1.00000E-30     A( 12)= 1.00000E-30     A( 13)= 1.00000E-30     A( 14)= 1.00000E-30     A( 15)= 2.01047E+00
     A( 16)= 2.01047E+00     A( 17)= 6.40000E-01     A( 18)= 7.83019E-01     A( 19)= 1.00000E+00     A( 20)= 1.00000E-30
     A( 21)= 1.59000E+00     A( 22)= 1.00000E-30     A( 23)= 1.59000E+00     A( 24)= 1.00000E-30     A( 25)= 2.20690E-01
     A( 26)= 2.20690E-01     A( 27)= 2.20690E-01     A( 28)= 1.00000E+00     A( 29)= 2.91076E+00     A( 30)= 1.89900E+00
     A( 31)= 6.25819E-01     A( 32)= 6.25819E-01     A( 33)= 1.59000E+00     A( 34)= 5.50000E+01     A( 35)= 9.59931E-01
     A( 36)= 8.19152E-01     A( 37)= 5.73576E-01     A( 38)= 1.42815E+00     A( 39)= 9.59931E-01     A( 40)= 4.70116E+01
     A( 41)= 8.20506E-01     A( 42)= 7.31491E-01     A( 43)= 6.81851E-01     A( 44)= 1.07280E+00     A( 45)= 8.20506E-01
     A( 46)= 3.56578E+01     A( 47)= 6.22346E-01     A( 48)= 5.82943E-01     A( 49)= 8.12513E-01     A( 50)= 7.17456E-01
     A( 51)= 6.22346E-01     A( 52)= 3.87566E-01     A( 53)= 6.76431E-03     A( 54)= 6.76426E-03     A( 55)= 9.99977E-01
     A( 56)= 6.76441E-03     A( 57)= 6.76431E-03     A( 58)= 5.50000E+01     A( 59)= 9.59931E-01     A( 60)= 8.19152E-01
     A( 61)= 5.73576E-01     A( 62)= 1.42815E+00     A( 63)= 9.59931E-01     A( 64)= 4.70116E+01     A( 65)= 8.20506E-01
     A( 66)= 7.31491E-01     A( 67)= 6.81851E-01     A( 68)= 1.07280E+00     A( 69)= 8.20506E-01     A( 70)= 3.56578E+01
     A( 71)= 6.22346E-01     A( 72)= 5.82943E-01     A( 73)= 8.12513E-01     A( 74)= 7.17456E-01     A( 75)= 6.22346E-01
     A( 76)= 3.87566E-01     A( 77)= 6.76431E-03     A( 78)= 6.76426E-03     A( 79)= 9.99977E-01     A( 80)= 6.76441E-03
     A( 81)= 6.76431E-03     A( 82)= 0.00000E+00     A( 83)= 0.00000E+00     A( 84)= 0.00000E+00     A( 85)= 1.00000E+00
     A( 86)= 0.00000E+00     A( 87)= 0.00000E+00     A( 88)= 0.00000E+00     A( 89)= 0.00000E+00     A( 90)= 0.00000E+00
     A( 91)= 1.00000E+00     A( 92)= 0.00000E+00     A( 93)= 0.00000E+00     A( 94)= 0.00000E+00     A( 95)= 0.00000E+00
     A( 96)= 0.00000E+00     A( 97)= 1.00000E+00     A( 98)= 0.00000E+00     A( 99)= 0.00000E+00     A(100)= 0.00000E+00
     A(101)= 0.00000E+00     A(102)= 0.00000E+00     A(103)= 1.00000E+00     A(104)= 0.00000E+00     A(105)= 0.00000E+00
     A(106)= 5.50000E+01     A(107)= 9.59931E-01     A(108)= 8.19152E-01     A(109)= 5.73576E-01     A(110)= 1.42815E+00
     A(111)= 9.59931E-01     A(112)= 0.00000E+00     A(113)= 0.00000E+00     A(114)= 0.00000E+00     A(115)= 1.00000E+00
     A(116)= 0.00000E+00     A(117)= 0.00000E+00     A(118)= 2.20690E-01     A(119)= 5.62860E+00     A(120)= 1.79661E+00
     A(121)= 2.01047E+00     A(122)= 2.01047E+00     A(123)= 4.75379E-01     A(124)= 8.46243E-01     A(125)= 4.13593E+00
     A(126)=-1.08652E+00     A(127)= 2.85598E+01     A(128)= 3.50000E+00     A(129)= 4.26444E+05     A(130)= 6.25819E-01
     A(131)= 1.31250E-01     A(132)= 1.00000E-30     A(133)= 0.00000E+00     A(134)=-8.44619E-01     A(135)= 1.00000E-30
     A(136)= 6.25819E-01     A(137)= 1.00000E+00     A(138)= 0.00000E+00     A(139)= 0.00000E+00     A(140)= 0.00000E+00
     A(141)= 1.00000E+00     A(142)= 0.00000E+00     A(143)= 0.00000E+00     A(144)= 6.32750E+00     A(145)= 5.90000E-01
     A(146)= 1.00000E-30     A(147)= 2.63547E+01     A(148)= 4.59976E-01     A(149)= 4.43927E-01     A(150)= 8.96063E-01
     A(151)= 4.95419E-01     A(152)= 4.59976E-01     A(153)= 2.68382E+01     A(154)= 4.68415E-01     A(155)= 4.51473E-01
     A(156)= 8.92285E-01     A(157)= 5.05974E-01     A(158)= 4.68415E-01     A(159)= 5.82759E-01     A(160)= 4.06108E+00
     A(161)= 1.39638E+00     A(162)= 1.00000E+00     A(163)= 1.79661E+00     A(164)= 7.95000E-01     A(165)= 7.95000E-01
     A(166)= 1.00000E-30     A(167)= 1.00000E-30     A(168)= 1.00000E-30     A(169)= 1.00000E-30     A(170)= 1.82759E-01
     A(171)= 1.00000E-30     A(172)= 1.00000E-30     A(173)= 5.30000E-01     A(174)= 4.00000E-01     A(175)= 4.06822E+01
     A(176)= 7.10038E-01     A(177)= 6.51863E-01     A(178)= 7.58337E-01     A(179)= 8.59595E-01     A(180)= 7.10038E-01
     A(181)= 0.00000E+00     A(182)= 0.00000E+00     A(183)= 0.00000E+00     A(184)= 1.00000E+00     A(185)= 0.00000E+00
     A(186)= 0.00000E+00     A(187)= 4.06822E+01     A(188)= 7.10038E-01     A(189)= 6.51863E-01     A(190)= 7.58337E-01
     A(191)= 8.59595E-01     A(192)= 7.10038E-01     A(193)= 1.00000E-30     A(194)= 1.00000E-30     A(195)= 8.93762E-01
1                               AUTOMATED STABILITY AND CONTROL METHODS PER APRIL 1976 VERSION OF DATCOM
                                         CHARACTERISTICS AT ANGLE OF ATTACK AND IN SIDESLIP
                                                      WING ALONE CONFIGURATION
                                 STRAIGHT TAPERED EXPOSED WING SOLUTION, EXAMPLE PROBLEM 2,CASE 1
 
 -----------------------  FLIGHT CONDITIONS  ------------------------           --------------  REFERENCE DIMENSIONS  ------------
  MACH    ALTITUDE   VELOCITY    PRESSURE    TEMPERATURE     REYNOLDS             REF.      REFERENCE LENGTH   MOMENT REF. CENTER
 NUMBER                                                       NUMBER              AREA       LONG.     LAT.     HORIZ      VERT
             FT       FT/SEC     LB/FT**2       DEG R         1/FT               FT**2        FT        FT        FT        FT
0 2.500   90000.00    2460.43   3.6777E+01     403.136     4.2644E+05             8.850      2.460     4.280     4.140     0.000
0                                                               -------------------DERIVATIVE (PER DEGREE)-------------------
0 ALPHA     CD       CL       CM       CN       CA       XCP        CLA          CMA          CYB          CNB          CLB
0
   -6.0    0.018   -0.062    0.0316  -0.063    0.011   -0.497    1.453E-02   -7.892E-03      NDM          NDM        7.719E-05
   -4.0    0.015   -0.030    0.0158  -0.031    0.013   -0.507    1.548E-02                                           3.785E-05
   -2.0    0.014    0.000    0.0000   0.000    0.014    0.000    1.508E-02                                           5.856E-07
    0.0    0.015    0.030   -0.0158   0.030    0.015   -0.523    1.548E-02                                          -3.668E-05
    2.0    0.018    0.062   -0.0316   0.063    0.016   -0.505    1.609E-02                                          -7.605E-05
    4.0    0.023    0.095   -0.0473   0.096    0.016   -0.494    1.626E-02                                          -1.167E-04
    8.0    0.040    0.159   -0.0789   0.163    0.017   -0.483    1.567E-02                                          -1.987E-04
   12.0    0.064    0.220     NDM     0.228    0.017             1.425E-02                                          -2.778E-04
   16.0    0.091    0.273     NDM     0.288    0.012             1.273E-02                                          -3.502E-04
   20.0    0.121    0.322     NDM     0.344    0.004             1.204E-02                                          -4.180E-04
   24.0    0.155    0.370     NDM     0.401   -0.009             1.193E-02                                          -4.876E-04
0*** NDM PRINTED WHEN NO DATCOM METHODS EXIST
 Return to main program from M57O71
1          THE FOLLOWING IS A LIST OF ALL INPUT CARDS FOR THIS CASE.
0
  $FLTCON NMACH=2.0,MACH=0.6,2.5, LOOP=2.0, NALT=2.0, ALT=0.0, 90000.0$          
  $SYNTHS XW=2.497, ZW=0.710$                                                    
  $WGPLNF SSPNOP=1.11, CHRDBP=2.24, CHRDR=4.01,                                  
    SAVSI=75.1, SAVSO=55.0, TYPE=3.0$                                            
  $WGSCHR  TOVC=0.1, LERI=0.011, LERO=0.0158, TOVCO=0.12,                        
    XOVCO=0.40, CMOT=-0.0262$                                                    
 CASEID EXPOSED CRANKED WING SOLUTION, EXAMPLE PROBLEM 2, CASE 2                 
 SAVE                                                                            
 NEXT CASE                                                                       
0 INPUT DIMENSIONS ARE IN FT, SCALE FACTOR IS 1.0000

 Return to main program from M01O01
0*** WARNING *** WING NOT STRAIGHT TAPERED. UNIFORM SECTION ASSUMED.
 Return to main program from M50O62
 Return to main program from M02O02
 Return to main program from M51O63
1                               AUTOMATED STABILITY AND CONTROL METHODS PER APRIL 1976 VERSION OF DATCOM
                                         CHARACTERISTICS AT ANGLE OF ATTACK AND IN SIDESLIP
                                                      WING ALONE CONFIGURATION
                                     EXPOSED CRANKED WING SOLUTION, EXAMPLE PROBLEM 2, CASE 2
 
 -----------------------  FLIGHT CONDITIONS  ------------------------           --------------  REFERENCE DIMENSIONS  ------------
  MACH    ALTITUDE   VELOCITY    PRESSURE    TEMPERATURE     REYNOLDS             REF.      REFERENCE LENGTH   MOMENT REF. CENTER
 NUMBER                                                       NUMBER              AREA       LONG.     LAT.     HORIZ      VERT
             FT       FT/SEC     LB/FT**2       DEG R         1/FT               FT**2        FT        FT        FT        FT
0 0.600       0.00     669.80   2.1162E+03     518.670     4.2409E+06             8.850      2.460     4.280     4.140     0.000
0                                                               -------------------DERIVATIVE (PER DEGREE)-------------------
0 ALPHA     CD       CL       CM       CN       CA       XCP        CLA          CMA          CYB          CNB          CLB
0
   -6.0    0.010   -0.119    0.0371  -0.120   -0.003   -0.310    2.983E-02   -1.109E-02    1.162E-04    4.044E-05    6.347E-04
   -4.0    0.006   -0.060    0.0179  -0.060    0.002   -0.298    2.983E-02   -1.009E-02    2.906E-05    1.003E-05    3.173E-04
   -2.0    0.005    0.000   -0.0032   0.000    0.005   18.814    2.983E-02   -1.107E-02    0.000E+00    0.000E+00    0.000E+00
    0.0    0.006    0.060   -0.0264   0.060    0.006   -0.443    2.983E-02   -1.199E-02    2.906E-05    1.102E-05   -3.173E-04
    2.0    0.010    0.119   -0.0512   0.120    0.005   -0.428    2.983E-02   -1.259E-02    1.162E-04    4.366E-05   -6.347E-04
    4.0    0.020    0.179   -0.0768   0.180    0.007   -0.427    3.339E-02   -1.417E-02    2.615E-04    9.816E-05   -9.520E-04
    8.0    0.091    0.341   -0.1444   0.350    0.043   -0.412    4.439E-02   -1.697E-02    9.247E-04    3.530E-04   -1.814E-03
   12.0    0.146    0.534   -0.2126   0.553    0.031   -0.385    4.858E-02   -1.889E-02    2.235E-03    8.509E-04   -2.841E-03
   16.0    0.225    0.730   -0.2955   0.763    0.015   -0.387    4.761E-02   -2.150E-02    4.147E-03    1.591E-03   -3.881E-03
   20.0    0.323    0.915   -0.3846   0.970   -0.009   -0.396    4.468E-02   -2.421E-02    6.519E-03    2.516E-03   -4.866E-03
   24.0    0.434    1.087   -0.4891   1.170   -0.046   -0.418    4.138E-02   -2.807E-02    9.234E-03    3.601E-03   -5.782E-03
0***NOTE*** CRANKED WING ANALYSIS PERFORMED EVEN THOUGH WING HAS A LOW ASPECT RATIO.
1                               AUTOMATED STABILITY AND CONTROL METHODS PER APRIL 1976 VERSION OF DATCOM
                                         CHARACTERISTICS AT ANGLE OF ATTACK AND IN SIDESLIP
                                                      WING ALONE CONFIGURATION
                                     EXPOSED CRANKED WING SOLUTION, EXAMPLE PROBLEM 2, CASE 2
 
 -----------------------  FLIGHT CONDITIONS  ------------------------           --------------  REFERENCE DIMENSIONS  ------------
  MACH    ALTITUDE   VELOCITY    PRESSURE    TEMPERATURE     REYNOLDS             REF.      REFERENCE LENGTH   MOMENT REF. CENTER
 NUMBER                                                       NUMBER              AREA       LONG.     LAT.     HORIZ      VERT
             FT       FT/SEC     LB/FT**2       DEG R         1/FT               FT**2        FT        FT        FT        FT
0 2.500       0.00    2790.81   2.1162E+03     518.670     1.7671E+07             8.850      2.460     4.280     4.140     0.000
0                                                               -------------------DERIVATIVE (PER DEGREE)-------------------
0 ALPHA     CD       CL       CM       CN       CA       XCP        CLA          CMA          CYB          CNB          CLB
0
   -6.0    0.011    NDM      0.0365   NDM      0.011   -0.491    1.859E-02   -9.124E-03      NDM          NDM          NDM 
   -4.0                                                                                                                    
   -2.0                                                                                                                    
    0.0                                                                                                                    
    2.0                                                                                                                    
    4.0                                                                                                                    
    8.0                                                                                                                    
   12.0                                                                                                                    
   16.0                                                                                                                    
   20.0                                                                                                                    
   24.0                                                                                                                    
0*** NDM PRINTED WHEN NO DATCOM METHODS EXIST
0***NOTE*** CRANKED WING ANALYSIS PERFORMED EVEN THOUGH WING HAS A LOW ASPECT RATIO.
0**  CD0= 1.050E-02
1                               AUTOMATED STABILITY AND CONTROL METHODS PER APRIL 1976 VERSION OF DATCOM
                                         CHARACTERISTICS AT ANGLE OF ATTACK AND IN SIDESLIP
                                                      WING ALONE CONFIGURATION
                                     EXPOSED CRANKED WING SOLUTION, EXAMPLE PROBLEM 2, CASE 2
 
 -----------------------  FLIGHT CONDITIONS  ------------------------           --------------  REFERENCE DIMENSIONS  ------------
  MACH    ALTITUDE   VELOCITY    PRESSURE    TEMPERATURE     REYNOLDS             REF.      REFERENCE LENGTH   MOMENT REF. CENTER
 NUMBER                                                       NUMBER              AREA       LONG.     LAT.     HORIZ      VERT
             FT       FT/SEC     LB/FT**2       DEG R         1/FT               FT**2        FT        FT        FT        FT
0 0.600   90000.00     590.50   3.6777E+01     403.136     1.0235E+05             8.850      2.460     4.280     4.140     0.000
0                                                               -------------------DERIVATIVE (PER DEGREE)-------------------
0 ALPHA     CD       CL       CM       CN       CA       XCP        CLA          CMA          CYB          CNB          CLB
0
   -6.0    0.018   -0.119    0.0371  -0.121    0.005   -0.308    2.983E-02   -1.109E-02    1.162E-04    4.039E-05    6.347E-04
   -4.0    0.012   -0.060    0.0179  -0.060    0.007   -0.296    2.983E-02   -1.009E-02    2.906E-05    1.002E-05    3.173E-04
   -2.0    0.010    0.000   -0.0032   0.000    0.010    9.597    2.983E-02   -1.107E-02    0.000E+00    0.000E+00    0.000E+00
    0.0    0.012    0.060   -0.0264   0.060    0.012   -0.443    2.983E-02   -1.199E-02    2.906E-05    1.102E-05   -3.173E-04
    2.0    0.018    0.119   -0.0512   0.120    0.013   -0.427    2.983E-02   -1.259E-02    1.162E-04    4.363E-05   -6.347E-04
    4.0    0.032    0.179   -0.0768   0.181    0.020   -0.425    3.339E-02   -1.417E-02    2.615E-04    9.804E-05   -9.520E-04
    8.0    0.123    0.341   -0.1444   0.355    0.075   -0.407    4.439E-02   -1.697E-02    9.247E-04    3.519E-04   -1.814E-03
   12.0    0.217    0.534   -0.2126   0.568    0.101   -0.375    4.858E-02   -1.889E-02    2.235E-03    8.454E-04   -2.841E-03
   16.0    0.354    0.730   -0.2955   0.799    0.140   -0.370    4.761E-02   -2.150E-02    4.147E-03    1.573E-03   -3.881E-03
   20.0    0.524    0.915   -0.3846   1.039    0.179   -0.370    4.468E-02   -2.421E-02    6.519E-03    2.474E-03   -4.866E-03
   24.0    0.715    1.087   -0.4891   1.284    0.211   -0.381    4.138E-02   -2.807E-02    9.234E-03    3.517E-03   -5.782E-03
0***NOTE*** CRANKED WING ANALYSIS PERFORMED EVEN THOUGH WING HAS A LOW ASPECT RATIO.
1                               AUTOMATED STABILITY AND CONTROL METHODS PER APRIL 1976 VERSION OF DATCOM
                                         CHARACTERISTICS AT ANGLE OF ATTACK AND IN SIDESLIP
                                                      WING ALONE CONFIGURATION
                                     EXPOSED CRANKED WING SOLUTION, EXAMPLE PROBLEM 2, CASE 2
 
 -----------------------  FLIGHT CONDITIONS  ------------------------           --------------  REFERENCE DIMENSIONS  ------------
  MACH    ALTITUDE   VELOCITY    PRESSURE    TEMPERATURE     REYNOLDS             REF.      REFERENCE LENGTH   MOMENT REF. CENTER
 NUMBER                                                       NUMBER              AREA       LONG.     LAT.     HORIZ      VERT
             FT       FT/SEC     LB/FT**2       DEG R         1/FT               FT**2        FT        FT        FT        FT
0 2.500   90000.00    2460.43   3.6777E+01     403.136     4.2644E+05             8.850      2.460     4.280     4.140     0.000
0                                                               -------------------DERIVATIVE (PER DEGREE)-------------------
0 ALPHA     CD       CL       CM       CN       CA       XCP        CLA          CMA          CYB          CNB          CLB
0
   -6.0    0.012    NDM      0.0365   NDM      0.012   -0.491    1.859E-02   -9.124E-03      NDM          NDM          NDM 
   -4.0                                                                                                                    
   -2.0                                                                                                                    
    0.0                                                                                                                    
    2.0                                                                                                                    
    4.0                                                                                                                    
    8.0                                                                                                                    
   12.0                                                                                                                    
   16.0                                                                                                                    
   20.0                                                                                                                    
   24.0                                                                                                                    
0*** NDM PRINTED WHEN NO DATCOM METHODS EXIST
0***NOTE*** CRANKED WING ANALYSIS PERFORMED EVEN THOUGH WING HAS A LOW ASPECT RATIO.
0**  CD0= 1.243E-02
 Return to main program from M57O71
1          THE FOLLOWING IS A LIST OF ALL INPUT CARDS FOR THIS CASE.
0
  $FLTCON LOOP=3.0$                                                              
  $WGPLNF TYPE=2.0$                                                              
 CASEID EXPOSED DOUBLE DELTA WING SOLUTION, EXAMPLE PROBLEM 2, CASE 3            
 NEXT CASE                                                                       
0 INPUT DIMENSIONS ARE IN FT, SCALE FACTOR IS 1.0000

 Return to main program from M01O01
0*** WARNING *** WING NOT STRAIGHT TAPERED. UNIFORM SECTION ASSUMED.
 Return to main program from M50O62
 Return to main program from M02O02
 Return to main program from M51O63
1                               AUTOMATED STABILITY AND CONTROL METHODS PER APRIL 1976 VERSION OF DATCOM
                                         CHARACTERISTICS AT ANGLE OF ATTACK AND IN SIDESLIP
                                                      WING ALONE CONFIGURATION
                                   EXPOSED DOUBLE DELTA WING SOLUTION, EXAMPLE PROBLEM 2, CASE 3
 
 -----------------------  FLIGHT CONDITIONS  ------------------------           --------------  REFERENCE DIMENSIONS  ------------
  MACH    ALTITUDE   VELOCITY    PRESSURE    TEMPERATURE     REYNOLDS             REF.      REFERENCE LENGTH   MOMENT REF. CENTER
 NUMBER                                                       NUMBER              AREA       LONG.     LAT.     HORIZ      VERT
             FT       FT/SEC     LB/FT**2       DEG R         1/FT               FT**2        FT        FT        FT        FT
0 0.600       0.00     669.80   2.1162E+03     518.670     4.2409E+06             8.850      2.460     4.280     4.140     0.000
0                                                               -------------------DERIVATIVE (PER DEGREE)-------------------
0 ALPHA     CD       CL       CM       CN       CA       XCP        CLA          CMA          CYB          CNB          CLB
0
   -6.0    0.014   -0.131    0.0410  -0.132    0.000   -0.312    2.448E-02   -9.096E-03    1.306E-04    4.864E-05    6.956E-04
   -4.0    0.007   -0.065    0.0199  -0.066    0.003   -0.303    3.270E-02   -1.106E-02    3.265E-05    1.209E-05    3.478E-04
   -2.0    0.005    0.000   -0.0032   0.000    0.005   18.814    3.270E-02   -1.214E-02    0.000E+00    0.000E+00    0.000E+00
    0.0    0.007    0.065   -0.0286   0.065    0.007   -0.438    3.270E-02   -1.314E-02    3.265E-05    1.320E-05   -3.478E-04
    2.0    0.014    0.131   -0.0558   0.131    0.009   -0.425    3.270E-02   -1.380E-02    1.306E-04    5.237E-05   -6.956E-04
    4.0    0.025    0.196   -0.0839   0.197    0.011   -0.425    3.357E-02   -1.428E-02    2.965E-04    1.178E-04   -1.044E-03
    8.0    0.061    0.337   -0.1429   0.343    0.014   -0.417    3.744E-02   -1.421E-02    8.869E-04    3.466E-04   -1.794E-03
   12.0    0.122    0.496   -0.1976   0.510    0.017   -0.387    3.986E-02   -1.540E-02    1.928E-03    7.343E-04   -2.637E-03
   16.0    0.207    0.656   -0.2661   0.688    0.019   -0.387    3.906E-02   -1.782E-02    3.393E-03    1.286E-03   -3.490E-03
   20.0    0.315    0.808   -0.3401   0.867    0.020   -0.392    3.666E-02   -2.019E-02    5.176E-03    1.958E-03   -4.299E-03
   24.0    0.445    0.949   -0.4276   1.048    0.020   -0.408    3.395E-02   -2.357E-02    7.192E-03    2.729E-03   -5.050E-03
1                               AUTOMATED STABILITY AND CONTROL METHODS PER APRIL 1976 VERSION OF DATCOM
                                         CHARACTERISTICS AT ANGLE OF ATTACK AND IN SIDESLIP
                                                      WING ALONE CONFIGURATION
                                   EXPOSED DOUBLE DELTA WING SOLUTION, EXAMPLE PROBLEM 2, CASE 3
 
 -----------------------  FLIGHT CONDITIONS  ------------------------           --------------  REFERENCE DIMENSIONS  ------------
  MACH    ALTITUDE   VELOCITY    PRESSURE    TEMPERATURE     REYNOLDS             REF.      REFERENCE LENGTH   MOMENT REF. CENTER
 NUMBER                                                       NUMBER              AREA       LONG.     LAT.     HORIZ      VERT
             FT       FT/SEC     LB/FT**2       DEG R         1/FT               FT**2        FT        FT        FT        FT
0 0.600   90000.00     590.50   3.6777E+01     403.136     1.0235E+05             8.850      2.460     4.280     4.140     0.000
0                                                               -------------------DERIVATIVE (PER DEGREE)-------------------
0 ALPHA     CD       CL       CM       CN       CA       XCP        CLA          CMA          CYB          CNB          CLB
0
   -6.0    0.018   -0.131    0.0410  -0.132    0.005   -0.311    2.448E-02   -9.096E-03    1.306E-04    4.860E-05    6.956E-04
   -4.0    0.012   -0.065    0.0199  -0.066    0.007   -0.301    3.270E-02   -1.106E-02    3.265E-05    1.208E-05    3.478E-04
   -2.0    0.010    0.000   -0.0032   0.000    0.010    9.597    3.270E-02   -1.214E-02    0.000E+00    0.000E+00    0.000E+00
    0.0    0.012    0.065   -0.0286   0.065    0.012   -0.438    3.270E-02   -1.314E-02    3.265E-05    1.320E-05   -3.478E-04
    2.0    0.018    0.131   -0.0558   0.131    0.014   -0.425    3.270E-02   -1.380E-02    1.306E-04    5.235E-05   -6.956E-04
    4.0    0.029    0.196   -0.0839   0.198    0.016   -0.424    3.357E-02   -1.428E-02    2.965E-04    1.177E-04   -1.044E-03
    8.0    0.066    0.337   -0.1429   0.343    0.019   -0.416    3.744E-02   -1.421E-02    8.869E-04    3.464E-04   -1.794E-03
   12.0    0.127    0.496   -0.1976   0.511    0.021   -0.386    3.986E-02   -1.540E-02    1.928E-03    7.340E-04   -2.637E-03
   16.0    0.212    0.656   -0.2661   0.689    0.023   -0.386    3.906E-02   -1.782E-02    3.393E-03    1.286E-03   -3.490E-03
   20.0    0.320    0.808   -0.3401   0.869    0.024   -0.391    3.666E-02   -2.019E-02    5.176E-03    1.957E-03   -4.299E-03
   24.0    0.450    0.949   -0.4276   1.050    0.025   -0.407    3.395E-02   -2.357E-02    7.192E-03    2.728E-03   -5.050E-03
1                               AUTOMATED STABILITY AND CONTROL METHODS PER APRIL 1976 VERSION OF DATCOM
                                         CHARACTERISTICS AT ANGLE OF ATTACK AND IN SIDESLIP
                                                      WING ALONE CONFIGURATION
                                   EXPOSED DOUBLE DELTA WING SOLUTION, EXAMPLE PROBLEM 2, CASE 3
 
 -----------------------  FLIGHT CONDITIONS  ------------------------           --------------  REFERENCE DIMENSIONS  ------------
  MACH    ALTITUDE   VELOCITY    PRESSURE    TEMPERATURE     REYNOLDS             REF.      REFERENCE LENGTH   MOMENT REF. CENTER
 NUMBER                                                       NUMBER              AREA       LONG.     LAT.     HORIZ      VERT
             FT       FT/SEC     LB/FT**2       DEG R         1/FT               FT**2        FT        FT        FT        FT
0 2.500       0.00    2790.81   2.1162E+03     518.670     1.7671E+07             8.850      2.460     4.280     4.140     0.000
0                                                               -------------------DERIVATIVE (PER DEGREE)-------------------
0 ALPHA     CD       CL       CM       CN       CA       XCP        CLA          CMA          CYB          CNB          CLB
0
   -6.0    0.011    NDM      0.0365   NDM      0.011   -0.491    1.859E-02   -9.124E-03      NDM          NDM          NDM 
   -4.0                                                                                                                    
   -2.0                                                                                                                    
    0.0                                                                                                                    
    2.0                                                                                                                    
    4.0                                                                                                                    
    8.0                                                                                                                    
   12.0                                                                                                                    
   16.0                                                                                                                    
   20.0                                                                                                                    
   24.0                                                                                                                    
0*** NDM PRINTED WHEN NO DATCOM METHODS EXIST
0**  CD0= 1.050E-02
1                               AUTOMATED STABILITY AND CONTROL METHODS PER APRIL 1976 VERSION OF DATCOM
                                         CHARACTERISTICS AT ANGLE OF ATTACK AND IN SIDESLIP
                                                      WING ALONE CONFIGURATION
                                   EXPOSED DOUBLE DELTA WING SOLUTION, EXAMPLE PROBLEM 2, CASE 3
 
 -----------------------  FLIGHT CONDITIONS  ------------------------           --------------  REFERENCE DIMENSIONS  ------------
  MACH    ALTITUDE   VELOCITY    PRESSURE    TEMPERATURE     REYNOLDS             REF.      REFERENCE LENGTH   MOMENT REF. CENTER
 NUMBER                                                       NUMBER              AREA       LONG.     LAT.     HORIZ      VERT
             FT       FT/SEC     LB/FT**2       DEG R         1/FT               FT**2        FT        FT        FT        FT
0 2.500   90000.00    2460.43   3.6777E+01     403.136     4.2644E+05             8.850      2.460     4.280     4.140     0.000
0                                                               -------------------DERIVATIVE (PER DEGREE)-------------------
0 ALPHA     CD       CL       CM       CN       CA       XCP        CLA          CMA          CYB          CNB          CLB
0
   -6.0    0.012    NDM      0.0365   NDM      0.012   -0.491    1.859E-02   -9.124E-03      NDM          NDM          NDM 
   -4.0                                                                                                                    
   -2.0                                                                                                                    
    0.0                                                                                                                    
    2.0                                                                                                                    
    4.0                                                                                                                    
    8.0                                                                                                                    
   12.0                                                                                                                    
   16.0                                                                                                                    
   20.0                                                                                                                    
   24.0                                                                                                                    
0*** NDM PRINTED WHEN NO DATCOM METHODS EXIST
0**  CD0= 1.243E-02
 Return to main program from M57O71
1          THE FOLLOWING IS A LIST OF ALL INPUT CARDS FOR THIS CASE.
0
1 END OF JOB.
