 THIS SOFTWARE AND ANY ACCOMPANYING DOCUMENTATION
 IS RELEASED "AS IS".  THE U.S. GOVERNMENT MAKES NO
 WARRANTY OF ANY KIND, EXPRESS OR IMPLIED, CONCERNING
 THIS SOFTWARE AND ANY ACCOMPANYING DOCUMENTATION,
 INCLUDING, WITHOUT LIMITATION, ANY WARRANTIES OF
 MERCHANTABILITY OR FITNESS FOR A PARTICULAR PURPOSE.
 IN NO EVENT WILL THE U.S. GOVERNMENT BE LIABLE FOR ANY
 DAMAGES, INCLUDING LOST PROFITS, LOST SAVINGS OR OTHER
 INCIDENTAL OR CONSEQUENTIAL DAMAGES ARISING OUT OF THE 
 USE, OR INABILITY TO USE, THIS SOFTWARE OR ANY
 ACCOMPANYING DOCUMENTATION, EVEN IF INFORMED IN ADVANCE
 OF THE POSSIBILITY OF SUCH DAMAGES.
  ****************************************************
  *    USAF STABILITY AND CONTROL  DIGITAL DATCOM    *
  *    PROGRAM REV. JAN 96   DIRECT INQUIRIES TO:    *
  *    WRIGHT LABORATORY  (WL/FIGC)  ATTN: W. BLAKE  *
  *      WRIGHT PATTERSON AFB, OHIO  45433           *
  *    PHONE (513) 255-6764,   FAX (513) 258-4054    *
  ****************************************************
 Preparing to start the big loop
 At 1000
1                         CONERR - INPUT ERROR CHECKING
0 ERROR CODES - N* DENOTES THE NUMBER OF OCCURENCES OF EACH ERROR
0 A - UNKNOWN VARIABLE NAME
0 B - MISSING EQUAL SIGN FOLLOWING VARIABLE NAME
0 C - NON-ARRAY VARIABLE HAS AN ARRAY ELEMENT DESIGNATION - (N)
0 D - NON-ARRAY VARIABLE HAS MULTIPLE VALUES ASSIGNED
0 E - ASSIGNED VALUES EXCEED ARRAY DIMENSION
0 F - SYNTAX ERROR

0******************************  INPUT DATA CARDS  ******************************

 CASEID LV3_inch_nose-body                                                       
  $FLTCON                                                                        
     NMACH=5.0,MACH(1)=0.6,0.8,1.2,1.5,2.0,                                      
     NALPHA=3.0,                                                                 
     ALSCHD(1)=-2.0,0.0,2.0,                                                     
     NALT=5.0,                                                                   
     ALT(1)=0.0,7.50E+04,1.50E+05,2.25E+05,3.00E+05,                             
     WT=56.25,                                                                   
     LOOP=1.$ ! flight parameters                                                
  $SYNTHS                                                                        
     XCG=84.59,                                                                  
     ZCG=0.0,                                                                    
     XW=105.3,                                                                   
     ZW=0.0,                                                                     
     ALIW=0.0,                                                                   
     XV=105.3,                                                                   
     ZV=0.0$ ! positions of the major features                                   
  $BODY                                                                          
     DS=0.0625,                                                                  
     BLN=33.0,                                                                   
     BNOSE=2.0,                                                                  
     BLA=98.0,                                                                   
     NX=12.0,                                                                    
     X(1)=0.0,1.094,4.654,8.214,11.77,15.33,18.89,22.45,26.01,29.57,33.0,131.0,  
     S(1)=0.0,0.35,2.94,6.65,10.95,15.56,20.25,24.79,28.92,32.33,34.21,34.21$    
 NACA-W-S-3-6.2-1.6-87.4                                                         
  $WGPLNF                                                                        
     CHRDTP=5.0,                                                                 
     SSPNE=6.4,                                                                  
     SSPN=9.7,                                                                   
     CHRDR=24.703,                                                               
     SAVSI=54.6,                                                                 
     SAVSO=54.6,                                                                 
     TWISTA=0.0,                                                                 
     CHSTAT=0.0,                                                                 
     DHDADI=-30.0,                                                               
     TYPE=1.0$                                                                   
 NACA-W-S-3-6.2-1.6-87.4                                                         
  $VTPLNF                                                                        
     CHRDTP=5.0,                                                                 
     SSPNE=6.4,                                                                  
     SSPN=9.7,                                                                   
     CHRDR=24.703,                                                               
     SAVSI=54.6,                                                                 
     CHSTAT=0.0,                                                                 
     TYPE=1.0$                                                                   
 DIM IN ! given and desired dimensions are in feet                               
 BUILD ! give data for all individual components                                 
 PLOT ! create plot data                                                         
 NEXT CASE                                                                       
1          THE FOLLOWING IS A LIST OF ALL INPUT CARDS FOR THIS CASE.
0
 CASEID LV3_inch_nose-body                                                       
  $FLTCON                                                                        
     NMACH=5.0,MACH(1)=0.6,0.8,1.2,1.5,2.0,                                      
     NALPHA=3.0,                                                                 
     ALSCHD(1)=-2.0,0.0,2.0,                                                     
     NALT=5.0,                                                                   
     ALT(1)=0.0,7.50E+04,1.50E+05,2.25E+05,3.00E+05,                             
     WT=56.25,                                                                   
     LOOP=1.$ ! flight parameters                                                
  $SYNTHS                                                                        
     XCG=84.59,                                                                  
     ZCG=0.0,                                                                    
     XW=105.3,                                                                   
     ZW=0.0,                                                                     
     ALIW=0.0,                                                                   
     XV=105.3,                                                                   
     ZV=0.0$ ! positions of the major features                                   
  $BODY                                                                          
     DS=0.0625,                                                                  
     BLN=33.0,                                                                   
     BNOSE=2.0,                                                                  
     BLA=98.0,                                                                   
     NX=12.0,                                                                    
     X(1)=0.0,1.094,4.654,8.214,11.77,15.33,18.89,22.45,26.01,29.57,33.0,131.0,  
     S(1)=0.0,0.35,2.94,6.65,10.95,15.56,20.25,24.79,28.92,32.33,34.21,34.21$    
 NACA-W-S-3-6.2-1.6-87.4                                                         
  $WGPLNF                                                                        
     CHRDTP=5.0,                                                                 
     SSPNE=6.4,                                                                  
     SSPN=9.7,                                                                   
     CHRDR=24.703,                                                               
     SAVSI=54.6,                                                                 
     SAVSO=54.6,                                                                 
     TWISTA=0.0,                                                                 
     CHSTAT=0.0,                                                                 
     DHDADI=-30.0,                                                               
     TYPE=1.0$                                                                   
 NACA-W-S-3-6.2-1.6-87.4                                                         
  $VTPLNF                                                                        
     CHRDTP=5.0,                                                                 
     SSPNE=6.4,                                                                  
     SSPN=9.7,                                                                   
     CHRDR=24.703,                                                               
     SAVSI=54.6,                                                                 
     CHSTAT=0.0,                                                                 
     TYPE=1.0$                                                                   
 DIM IN ! given and desired dimensions are in feet                               
 BUILD ! give data for all individual components                                 
 PLOT ! create plot data                                                         
 NEXT CASE                                                                       
0 INPUT DIMENSIONS ARE IN IN, SCALE FACTOR IS 1.0000

 Return to main program from M01O01
1                             AUTOMATED STABILITY AND CONTROL METHODS PER APRIL 1976 VERSION OF DATCOM   
                                                        WING SECTION DEFINITION
0                                 IDEAL ANGLE OF ATTACK =   0.00000 DEG.

                              ZERO LIFT ANGLE OF ATTACK =   0.00000 DEG.

                                 IDEAL LIFT COEFFICIENT =   0.00000

                  ZERO LIFT PITCHING MOMENT COEFFICIENT =   0.00000

                             MACH ZERO LIFT-CURVE-SLOPE =   0.09436 /DEG.

                                    LEADING EDGE RADIUS =   0.00000 FRACTION CHORD

                              MAXIMUM AIRFOIL THICKNESS =   0.01600 FRACTION CHORD

                                                DELTA-Y =   0.75484 PERCENT CHORD


0                         MACH= 0.6000 LIFT-CURVE-SLOPE =   0.11787 /DEG.      XAC =   0.26202
0                                    *** CREST CRITICAL MACH NUMBER EXCEEDED ***

                                    CREST CRITICAL MACH =   0.78030

                                               LOCATION =   0.07590 FRACTION CHORD

                                       LIFT-CURVE-SLOPE =   0.12753 /DEG.
 Return to main program from M50O62
 Return to main program from M02O02
 Return to main program from M51O63
1                               AUTOMATED STABILITY AND CONTROL METHODS PER APRIL 1976 VERSION OF DATCOM
                                         CHARACTERISTICS AT ANGLE OF ATTACK AND IN SIDESLIP
                                                   DATCOM BODY ALONE CONFIGURATION
                                                        LV3_inch_nose-body
 
 -----------------------  FLIGHT CONDITIONS  ------------------------           --------------  REFERENCE DIMENSIONS  ------------
  MACH    ALTITUDE   VELOCITY    PRESSURE    TEMPERATURE     REYNOLDS             REF.      REFERENCE LENGTH   MOMENT REF. CENTER
 NUMBER                                                       NUMBER              AREA       LONG.     LAT.     HORIZ      VERT
             IN       IN/SEC     LB/IN**2       DEG R         1/FT               IN**2        IN        IN        IN        IN
0 0.600       0.00    8037.55   1.4696E+01     518.670     4.2409E+06           288.119     17.030    19.400    84.590     0.000
0                                                               -------------------DERIVATIVE (PER DEGREE)-------------------
0 ALPHA     CD       CL       CM       CN       CA       XCP        CLA          CMA          CYB          CNB          CLB
0
   -2.0    0.029   -0.008   -0.0323  -0.009    0.029    3.552    4.040E-03    1.616E-02   -4.040E-03   -1.418E-02    0.000E+00
    0.0    0.029    0.000    0.0000   0.000    0.029   ******    4.040E-03    1.616E-02   -4.040E-03   -1.418E-02    0.000E+00
    2.0    0.029    0.008    0.0323   0.009    0.029    3.552    4.040E-03    1.616E-02   -4.040E-03   -1.418E-02    0.000E+00
1                               AUTOMATED STABILITY AND CONTROL METHODS PER APRIL 1976 VERSION OF DATCOM
                                         CHARACTERISTICS AT ANGLE OF ATTACK AND IN SIDESLIP
                                                      WING ALONE CONFIGURATION
                                                        LV3_inch_nose-body
 
 -----------------------  FLIGHT CONDITIONS  ------------------------           --------------  REFERENCE DIMENSIONS  ------------
  MACH    ALTITUDE   VELOCITY    PRESSURE    TEMPERATURE     REYNOLDS             REF.      REFERENCE LENGTH   MOMENT REF. CENTER
 NUMBER                                                       NUMBER              AREA       LONG.     LAT.     HORIZ      VERT
             IN       IN/SEC     LB/IN**2       DEG R         1/FT               IN**2        IN        IN        IN        IN
0 0.600       0.00    8037.55   1.4696E+01     518.670     4.2409E+06           288.119     17.030    19.400    84.590     0.000
0                                                               -------------------DERIVATIVE (PER DEGREE)-------------------
0 ALPHA     CD       CL       CM       CN       CA       XCP        CLA          CMA          CYB          CNB          CLB
0
   -2.0    0.005   -0.031    0.0579  -0.031    0.004   -1.848    1.447E-02   -2.705E-02   -3.170E-03    3.414E-06    2.109E-03
    0.0    0.003    0.000    0.0000   0.000    0.003   ******    1.560E-02   -2.918E-02    0.000E+00    0.000E+00    1.903E-03
    2.0    0.005    0.031   -0.0588   0.031    0.004   -1.874    1.560E-02   -2.959E-02   -3.170E-03    3.450E-06    1.697E-03
1                               AUTOMATED STABILITY AND CONTROL METHODS PER APRIL 1976 VERSION OF DATCOM
                                         CHARACTERISTICS AT ANGLE OF ATTACK AND IN SIDESLIP
                                                     VERTICAL TAIL CONFIGURATION
                                                        LV3_inch_nose-body
 
 -----------------------  FLIGHT CONDITIONS  ------------------------           --------------  REFERENCE DIMENSIONS  ------------
  MACH    ALTITUDE   VELOCITY    PRESSURE    TEMPERATURE     REYNOLDS             REF.      REFERENCE LENGTH   MOMENT REF. CENTER
 NUMBER                                                       NUMBER              AREA       LONG.     LAT.     HORIZ      VERT
             IN       IN/SEC     LB/IN**2       DEG R         1/FT               IN**2        IN        IN        IN        IN
0 0.600       0.00    8037.55   1.4696E+01     518.670     4.2409E+06           288.119     17.030    19.400    84.590     0.000
0                                                               -------------------DERIVATIVE (PER DEGREE)-------------------
0 ALPHA     CD       CL       CM       CN       CA       XCP        CLA          CMA          CYB          CNB          CLB
0
   -2.0    0.002    0.000    0.0000   0.000    NDM     ******    0.000E+00    0.000E+00   -0.000E+00    0.000E+00   -0.000E+00
    0.0                                                                                                             -0.000E+00
    2.0                                                                                                             -0.000E+00
0*** NDM PRINTED WHEN NO DATCOM METHODS EXIST
1                               AUTOMATED STABILITY AND CONTROL METHODS PER APRIL 1976 VERSION OF DATCOM
                                         CHARACTERISTICS AT ANGLE OF ATTACK AND IN SIDESLIP
                                                       WING-BODY CONFIGURATION
                                                        LV3_inch_nose-body
 
 -----------------------  FLIGHT CONDITIONS  ------------------------           --------------  REFERENCE DIMENSIONS  ------------
  MACH    ALTITUDE   VELOCITY    PRESSURE    TEMPERATURE     REYNOLDS             REF.      REFERENCE LENGTH   MOMENT REF. CENTER
 NUMBER                                                       NUMBER              AREA       LONG.     LAT.     HORIZ      VERT
             IN       IN/SEC     LB/IN**2       DEG R         1/FT               IN**2        IN        IN        IN        IN
0 0.600       0.00    8037.55   1.4696E+01     518.670     4.2409E+06           288.119     17.030    19.400    84.590     0.000
0                                                               -------------------DERIVATIVE (PER DEGREE)-------------------
0 ALPHA     CD       CL       CM       CN       CA       XCP        CLA          CMA          CYB          CNB          CLB
0
   -2.0    0.035   -0.065    0.0725  -0.066    0.032   -1.098    3.242E-02   -3.597E-02   -8.183E-03   -3.032E-02    4.271E-03
    0.0    0.033    0.000    0.0000   0.000    0.033   ******    3.242E-02   -3.651E-02                              3.888E-03
    2.0    0.035    0.065   -0.0736   0.066    0.032   -1.114    3.242E-02   -3.705E-02                              3.504E-03
1                               AUTOMATED STABILITY AND CONTROL METHODS PER APRIL 1976 VERSION OF DATCOM
                                         CHARACTERISTICS AT ANGLE OF ATTACK AND IN SIDESLIP
                                                  BODY-VERTICAL TAIL CONFIGURATION
                                                        LV3_inch_nose-body
 
 -----------------------  FLIGHT CONDITIONS  ------------------------           --------------  REFERENCE DIMENSIONS  ------------
  MACH    ALTITUDE   VELOCITY    PRESSURE    TEMPERATURE     REYNOLDS             REF.      REFERENCE LENGTH   MOMENT REF. CENTER
 NUMBER                                                       NUMBER              AREA       LONG.     LAT.     HORIZ      VERT
             IN       IN/SEC     LB/IN**2       DEG R         1/FT               IN**2        IN        IN        IN        IN
0 0.600       0.00    8037.55   1.4696E+01     518.670     4.2409E+06           288.119     17.030    19.400    84.590     0.000
0                                                               -------------------DERIVATIVE (PER DEGREE)-------------------
0 ALPHA     CD       CL       CM       CN       CA       XCP        CLA          CMA          CYB          CNB          CLB
0
   -2.0    0.031   -0.008   -0.0323  -0.009    0.031    3.531    4.040E-03    1.616E-02   -4.040E-03   -1.418E-02      NDM 
    0.0    0.031    0.000    0.0000   0.000    0.031   ******    4.040E-03    1.616E-02                                NDM 
    2.0    0.031    0.008    0.0323   0.009    0.031    3.531    4.040E-03    1.616E-02                                NDM 
0*** NDM PRINTED WHEN NO DATCOM METHODS EXIST
1                               AUTOMATED STABILITY AND CONTROL METHODS PER APRIL 1976 VERSION OF DATCOM
                                         CHARACTERISTICS AT ANGLE OF ATTACK AND IN SIDESLIP
                                                WING-BODY-VERTICAL TAIL CONFIGURATION
                                                        LV3_inch_nose-body
 
 -----------------------  FLIGHT CONDITIONS  ------------------------           --------------  REFERENCE DIMENSIONS  ------------
  MACH    ALTITUDE   VELOCITY    PRESSURE    TEMPERATURE     REYNOLDS             REF.      REFERENCE LENGTH   MOMENT REF. CENTER
 NUMBER                                                       NUMBER              AREA       LONG.     LAT.     HORIZ      VERT
             IN       IN/SEC     LB/IN**2       DEG R         1/FT               IN**2        IN        IN        IN        IN
0 0.600       0.00    8037.55   1.4696E+01     518.670     4.2409E+06           288.119     17.030    19.400    84.590     0.000
0                                                               -------------------DERIVATIVE (PER DEGREE)-------------------
0 ALPHA     CD       CL       CM       CN       CA       XCP        CLA          CMA          CYB          CNB          CLB
0
   -2.0    0.036   -0.065    0.0725  -0.066    0.034   -1.097    3.242E-02   -3.597E-02   -8.183E-03   -3.032E-02    4.271E-03
    0.0    0.035    0.000    0.0000   0.000    0.035   ******    3.242E-02   -3.651E-02                              3.888E-03
    2.0    0.036    0.065   -0.0736   0.066    0.034   -1.114    3.242E-02   -3.705E-02                              3.504E-03
0*** VEHICLE WEIGHT =     56.25 LB.
0*** LEVEL FLIGHT LIFT COEFFICIENT = 0.05272
1                               AUTOMATED STABILITY AND CONTROL METHODS PER APRIL 1976 VERSION OF DATCOM
                                         CHARACTERISTICS AT ANGLE OF ATTACK AND IN SIDESLIP
                                                   DATCOM BODY ALONE CONFIGURATION
                                                        LV3_inch_nose-body
 
 -----------------------  FLIGHT CONDITIONS  ------------------------           --------------  REFERENCE DIMENSIONS  ------------
  MACH    ALTITUDE   VELOCITY    PRESSURE    TEMPERATURE     REYNOLDS             REF.      REFERENCE LENGTH   MOMENT REF. CENTER
 NUMBER                                                       NUMBER              AREA       LONG.     LAT.     HORIZ      VERT
             IN       IN/SEC     LB/IN**2       DEG R         1/FT               IN**2        IN        IN        IN        IN
0 0.800   75000.00   10484.01   1.1667E+01     496.388     4.7490E+06           288.119     17.030    19.400    84.590     0.000
0                                                               -------------------DERIVATIVE (PER DEGREE)-------------------
0 ALPHA     CD       CL       CM       CN       CA       XCP        CLA          CMA          CYB          CNB          CLB
0
   -2.0    0.029    NDM       NDM     NDM      NDM      4.066    4.343E-03    1.766E-02   -4.343E-03   -1.550E-02    0.000E+00
    0.0    0.029                                                                                                     0.000E+00
    2.0    0.029                                                                                                     0.000E+00
0*** NDM PRINTED WHEN NO DATCOM METHODS EXIST
1                               AUTOMATED STABILITY AND CONTROL METHODS PER APRIL 1976 VERSION OF DATCOM
                                         CHARACTERISTICS AT ANGLE OF ATTACK AND IN SIDESLIP
                                                      WING ALONE CONFIGURATION
                                                        LV3_inch_nose-body
 
 -----------------------  FLIGHT CONDITIONS  ------------------------           --------------  REFERENCE DIMENSIONS  ------------
  MACH    ALTITUDE   VELOCITY    PRESSURE    TEMPERATURE     REYNOLDS             REF.      REFERENCE LENGTH   MOMENT REF. CENTER
 NUMBER                                                       NUMBER              AREA       LONG.     LAT.     HORIZ      VERT
             IN       IN/SEC     LB/IN**2       DEG R         1/FT               IN**2        IN        IN        IN        IN
0 0.800   75000.00   10484.01   1.1667E+01     496.388     4.7490E+06           288.119     17.030    19.400    84.590     0.000
0                                                               -------------------DERIVATIVE (PER DEGREE)-------------------
0 ALPHA     CD       CL       CM       CN       CA       XCP        CLA          CMA          CYB          CNB          CLB
0
   -2.0    0.003    NDM       NDM     NDM      NDM     -1.862    1.484E-02   -2.762E-02      NDM          NDM          NDM 
    0.0                                                                                                                NDM 
    2.0                                                                                                                NDM 
0*** NDM PRINTED WHEN NO DATCOM METHODS EXIST
1                               AUTOMATED STABILITY AND CONTROL METHODS PER APRIL 1976 VERSION OF DATCOM
                                         CHARACTERISTICS AT ANGLE OF ATTACK AND IN SIDESLIP
                                                     VERTICAL TAIL CONFIGURATION
                                                        LV3_inch_nose-body
 
 -----------------------  FLIGHT CONDITIONS  ------------------------           --------------  REFERENCE DIMENSIONS  ------------
  MACH    ALTITUDE   VELOCITY    PRESSURE    TEMPERATURE     REYNOLDS             REF.      REFERENCE LENGTH   MOMENT REF. CENTER
 NUMBER                                                       NUMBER              AREA       LONG.     LAT.     HORIZ      VERT
             IN       IN/SEC     LB/IN**2       DEG R         1/FT               IN**2        IN        IN        IN        IN
0 0.800   75000.00   10484.01   1.1667E+01     496.388     4.7490E+06           288.119     17.030    19.400    84.590     0.000
0                                                               -------------------DERIVATIVE (PER DEGREE)-------------------
0 ALPHA     CD       CL       CM       CN       CA       XCP        CLA          CMA          CYB          CNB          CLB
0
   -2.0    NDM      0.000    0.0000   0.000    NDM     ******    0.000E+00    0.000E+00      NDM          NDM          NDM 
    0.0                                                                                                                NDM 
    2.0                                                                                                                NDM 
0*** NDM PRINTED WHEN NO DATCOM METHODS EXIST
1                               AUTOMATED STABILITY AND CONTROL METHODS PER APRIL 1976 VERSION OF DATCOM
                                         CHARACTERISTICS AT ANGLE OF ATTACK AND IN SIDESLIP
                                                       WING-BODY CONFIGURATION
                                                        LV3_inch_nose-body
 
 -----------------------  FLIGHT CONDITIONS  ------------------------           --------------  REFERENCE DIMENSIONS  ------------
  MACH    ALTITUDE   VELOCITY    PRESSURE    TEMPERATURE     REYNOLDS             REF.      REFERENCE LENGTH   MOMENT REF. CENTER
 NUMBER                                                       NUMBER              AREA       LONG.     LAT.     HORIZ      VERT
             IN       IN/SEC     LB/IN**2       DEG R         1/FT               IN**2        IN        IN        IN        IN
0 0.800   75000.00   10484.01   1.1667E+01     496.388     4.7490E+06           288.119     17.030    19.400    84.590     0.000
0                                                               -------------------DERIVATIVE (PER DEGREE)-------------------
0 ALPHA     CD       CL       CM       CN       CA       XCP        CLA          CMA          CYB          CNB          CLB
0
   -2.0    0.032   -0.063     NDM    -0.064    0.030   -1.053    3.133E-02   -3.299E-02   -8.572E-03   -3.072E-02    1.864E-02
    0.0             0.000                                        3.133E-02                                          -0.000E+00
    2.0             0.063                                        3.133E-02                                          -1.864E-02
0*** NDM PRINTED WHEN NO DATCOM METHODS EXIST
1                               AUTOMATED STABILITY AND CONTROL METHODS PER APRIL 1976 VERSION OF DATCOM
                                         CHARACTERISTICS AT ANGLE OF ATTACK AND IN SIDESLIP
                                                  BODY-VERTICAL TAIL CONFIGURATION
                                                        LV3_inch_nose-body
 
 -----------------------  FLIGHT CONDITIONS  ------------------------           --------------  REFERENCE DIMENSIONS  ------------
  MACH    ALTITUDE   VELOCITY    PRESSURE    TEMPERATURE     REYNOLDS             REF.      REFERENCE LENGTH   MOMENT REF. CENTER
 NUMBER                                                       NUMBER              AREA       LONG.     LAT.     HORIZ      VERT
             IN       IN/SEC     LB/IN**2       DEG R         1/FT               IN**2        IN        IN        IN        IN
0 0.800   75000.00   10484.01   1.1667E+01     496.388     4.7490E+06           288.119     17.030    19.400    84.590     0.000
0                                                               -------------------DERIVATIVE (PER DEGREE)-------------------
0 ALPHA     CD       CL       CM       CN       CA       XCP        CLA          CMA          CYB          CNB          CLB
0
   -2.0    NDM      NDM       NDM     NDM      NDM      4.066    4.343E-03    1.766E-02      NDM          NDM          NDM 
    0.0                                                                                                                NDM 
    2.0                                                                                                                NDM 
0*** NDM PRINTED WHEN NO DATCOM METHODS EXIST
1                               AUTOMATED STABILITY AND CONTROL METHODS PER APRIL 1976 VERSION OF DATCOM
                                         CHARACTERISTICS AT ANGLE OF ATTACK AND IN SIDESLIP
                                                WING-BODY-VERTICAL TAIL CONFIGURATION
                                                        LV3_inch_nose-body
 
 -----------------------  FLIGHT CONDITIONS  ------------------------           --------------  REFERENCE DIMENSIONS  ------------
  MACH    ALTITUDE   VELOCITY    PRESSURE    TEMPERATURE     REYNOLDS             REF.      REFERENCE LENGTH   MOMENT REF. CENTER
 NUMBER                                                       NUMBER              AREA       LONG.     LAT.     HORIZ      VERT
             IN       IN/SEC     LB/IN**2       DEG R         1/FT               IN**2        IN        IN        IN        IN
0 0.800   75000.00   10484.01   1.1667E+01     496.388     4.7490E+06           288.119     17.030    19.400    84.590     0.000
0                                                               -------------------DERIVATIVE (PER DEGREE)-------------------
0 ALPHA     CD       CL       CM       CN       CA       XCP        CLA          CMA          CYB          CNB          CLB
0
   -2.0    NDM     -0.063     NDM     NDM      NDM     -1.053    3.133E-02   -3.299E-02   -8.572E-03   -3.072E-02      NDM 
    0.0             0.000     NDM                                3.133E-02                                             NDM 
    2.0             0.063     NDM                                3.133E-02                                             NDM 
0*** NDM PRINTED WHEN NO DATCOM METHODS EXIST
0*** VEHICLE WEIGHT =     56.25 LB.
0*** LEVEL FLIGHT LIFT COEFFICIENT = 0.03735
1                             AUTOMATED STABILITY AND CONTROL METHODS PER APRIL 1976 VERSION OF DATCOM
                                             CONFIGURATION AUXILIARY AND PARTIAL OUTPUT
                                                WING-BODY-VERTICAL TAIL CONFIGURATION
                                                        LV3_inch_nose-body
 -----------------------  FLIGHT CONDITIONS  ------------------------           --------------  REFERENCE DIMENSIONS  ------------
  MACH    ALTITUDE   VELOCITY    PRESSURE    TEMPERATURE     REYNOLDS             REF.      REFERENCE LENGTH   MOMENT REF. CENTER
 NUMBER                                                       NUMBER              AREA       LONG.     LAT.     HORIZ      VERT
             IN       IN/SEC     LB/IN**2       DEG R         1/FT               IN**2        IN        IN        IN        IN
0 0.800   75000.00   10484.01   1.1667E+01     496.388     4.7490E+06           288.119     17.030    19.400    84.590     0.000


                                                       BASIC BODY PROPERTIES

            WETTED AREA      XCG     ZCG     BASE AREA     ZERO LIFT DRAG   BASE DRAG   FRICTION DRAG   PRESSURE DRAG
             0.2468E+04    84.59    0.00      34.2100        0.2893E-01    0.8566E-02    0.1926E-01      0.1103E-02


                                         XCG RELATIVE TO THEORETICAL LEADING EDGE MAC= -26.03


                                                       BASIC PLANFORM PROPERTIES

                                    TAPER     ASPECT   QUARTER CHORD             QUARTER CHORD              ZERO LIFT    FRICTION
                         AREA       RATIO      RATIO       SWEEP        MAC        X(MAC)       Y(MAC)        DRAG     COEFFICIENT
0      WING
   TOTAL THEORITICAL
+                     0.2881E+03    0.202    0.1306E+01    41.966    0.170E+02    0.115E+03    0.378E+01                       
       TOTAL EXPOSED
+                     0.1472E+03    0.278    0.1113E+01    41.966    0.127E+02    0.117E+03    0.590E+01    0.342E-02    0.324E-02
0   VERTICAL TAIL
   TOTAL THEORITICAL
+                     0.1441E+03    0.202    0.6531E+00    41.966    0.170E+02    0.115E+03    0.378E+01                       
       TOTAL EXPOSED
+                     0.7360E+02    0.278    0.5565E+00    41.966    0.127E+02    0.117E+03    0.590E+01      NA           NA  
0*** NA PRINTED WHEN METHOD NOT APPLICABLE
1                             AUTOMATED STABILITY AND CONTROL METHODS PER APRIL 1976 VERSION OF DATCOM
                                             CONFIGURATION AUXILIARY AND PARTIAL OUTPUT
                                                WING-BODY-VERTICAL TAIL CONFIGURATION
                                                        LV3_inch_nose-body
 -----------------------  FLIGHT CONDITIONS  ------------------------           --------------  REFERENCE DIMENSIONS  ------------
  MACH    ALTITUDE   VELOCITY    PRESSURE    TEMPERATURE     REYNOLDS             REF.      REFERENCE LENGTH   MOMENT REF. CENTER
 NUMBER                                                       NUMBER              AREA       LONG.     LAT.     HORIZ      VERT
             IN       IN/SEC     LB/IN**2       DEG R         1/FT               IN**2        IN        IN        IN        IN
0 0.800   75000.00   10484.01   1.1667E+01     496.388     4.7490E+06           288.119     17.030    19.400    84.590     0.000
0          CLA-B(W)= 7.691E-03     CLA-W(B)= 1.929E-02     K-B(W)= 5.184E-01     K-W(B)= 1.300E+00     XAC/C-B(W)= 4.272E-01
1                             AUTOMATED STABILITY AND CONTROL METHODS PER APRIL 1976 VERSION OF DATCOM
                                             CONFIGURATION AUXILIARY AND PARTIAL OUTPUT
                                                WING-BODY-VERTICAL TAIL CONFIGURATION
                                                        LV3_inch_nose-body
 -----------------------  FLIGHT CONDITIONS  ------------------------           --------------  REFERENCE DIMENSIONS  ------------
  MACH    ALTITUDE   VELOCITY    PRESSURE    TEMPERATURE     REYNOLDS             REF.      REFERENCE LENGTH   MOMENT REF. CENTER
 NUMBER                                                       NUMBER              AREA       LONG.     LAT.     HORIZ      VERT
             IN       IN/SEC     LB/IN**2       DEG R         1/FT               IN**2        IN        IN        IN        IN
0 0.800   75000.00   10484.01   1.1667E+01     496.388     4.7490E+06           288.119     17.030    19.400    84.590     0.000


                                                      *** WING DATA FAIRING ***
                                       CDL/CL**2 = 0.3248E+00     CLB/CL =-0.6965E-01
            FORCE BREAK MACH NUMBER (ZERO SWEEP) = 0.1000E+01     FORCE BREAK MACH NUMBER (WITH SWEEP) = 0.1000E+01
                      MACH(A) = 1.070     CLA(A) = 0.1887E-01     MACH(B) = 1.140     CLA(B) = 0.1667E-01
                                                (CLB/CL)M=0.6 =-0.6759E-01     (CLB/CL)M=1.4 =-0.6846E-01

                                                  LIFT-CURVE-SLOPE INTERPOLATION TABLE
                                                      MACH               CL-ALPHA
                                                     0.750               0.1473E-01
                                                     1.000               0.1667E-01
                                                     1.070               0.1887E-01
                                                     1.140               0.1667E-01
                                                     1.400               0.1516E-01


                                                   *** WING-BODY DATA FAIRING ***
            CLB/CL =-0.2976E+00     (CLB/CL)MFB =-0.6315E-01     (CLB/CL)M=1.4 =-0.8144E-01     (CNA)M=1.4 = 0.3282E-01
1
1                               AUTOMATED STABILITY AND CONTROL METHODS PER APRIL 1976 VERSION OF DATCOM
                                         CHARACTERISTICS AT ANGLE OF ATTACK AND IN SIDESLIP
                                                   DATCOM BODY ALONE CONFIGURATION
                                                        LV3_inch_nose-body
 
 -----------------------  FLIGHT CONDITIONS  ------------------------           --------------  REFERENCE DIMENSIONS  ------------
  MACH    ALTITUDE   VELOCITY    PRESSURE    TEMPERATURE     REYNOLDS             REF.      REFERENCE LENGTH   MOMENT REF. CENTER
 NUMBER                                                       NUMBER              AREA       LONG.     LAT.     HORIZ      VERT
             IN       IN/SEC     LB/IN**2       DEG R         1/FT               IN**2        IN        IN        IN        IN
0 1.200   ********   15369.22   9.1664E+00     474.119     5.9381E+06           288.119     17.030    19.400    84.590     0.000
0                                                               -------------------DERIVATIVE (PER DEGREE)-------------------
0 ALPHA     CD       CL       CM       CN       CA       XCP        CLA          CMA          CYB          CNB          CLB
0
   -2.0    0.027    NDM       NDM     NDM      NDM      4.175    4.948E-03    2.066E-02   -4.948E-03   -1.813E-02    0.000E+00
    0.0    0.027                                                                                                     0.000E+00
    2.0    0.027                                                                                                     0.000E+00
0*** NDM PRINTED WHEN NO DATCOM METHODS EXIST
1                               AUTOMATED STABILITY AND CONTROL METHODS PER APRIL 1976 VERSION OF DATCOM
                                         CHARACTERISTICS AT ANGLE OF ATTACK AND IN SIDESLIP
                                                      WING ALONE CONFIGURATION
                                                        LV3_inch_nose-body
 
 -----------------------  FLIGHT CONDITIONS  ------------------------           --------------  REFERENCE DIMENSIONS  ------------
  MACH    ALTITUDE   VELOCITY    PRESSURE    TEMPERATURE     REYNOLDS             REF.      REFERENCE LENGTH   MOMENT REF. CENTER
 NUMBER                                                       NUMBER              AREA       LONG.     LAT.     HORIZ      VERT
             IN       IN/SEC     LB/IN**2       DEG R         1/FT               IN**2        IN        IN        IN        IN
0 1.200   ********   15369.22   9.1664E+00     474.119     5.9381E+06           288.119     17.030    19.400    84.590     0.000
0                                                               -------------------DERIVATIVE (PER DEGREE)-------------------
0 ALPHA     CD       CL       CM       CN       CA       XCP        CLA          CMA          CYB          CNB          CLB
0
   -2.0    0.003    NDM       NDM     NDM      NDM     -1.936    1.592E-02   -3.081E-02      NDM          NDM          NDM 
    0.0                                                                                                                NDM 
    2.0                                                                                                                NDM 
0*** NDM PRINTED WHEN NO DATCOM METHODS EXIST
1                               AUTOMATED STABILITY AND CONTROL METHODS PER APRIL 1976 VERSION OF DATCOM
                                         CHARACTERISTICS AT ANGLE OF ATTACK AND IN SIDESLIP
                                                     VERTICAL TAIL CONFIGURATION
                                                        LV3_inch_nose-body
 
 -----------------------  FLIGHT CONDITIONS  ------------------------           --------------  REFERENCE DIMENSIONS  ------------
  MACH    ALTITUDE   VELOCITY    PRESSURE    TEMPERATURE     REYNOLDS             REF.      REFERENCE LENGTH   MOMENT REF. CENTER
 NUMBER                                                       NUMBER              AREA       LONG.     LAT.     HORIZ      VERT
             IN       IN/SEC     LB/IN**2       DEG R         1/FT               IN**2        IN        IN        IN        IN
0 1.200   ********   15369.22   9.1664E+00     474.119     5.9381E+06           288.119     17.030    19.400    84.590     0.000
0                                                               -------------------DERIVATIVE (PER DEGREE)-------------------
0 ALPHA     CD       CL       CM       CN       CA       XCP        CLA          CMA          CYB          CNB          CLB
0
   -2.0    NDM      0.000    0.0000   0.000    NDM     ******    0.000E+00    0.000E+00      NDM          NDM          NDM 
    0.0                                                                                                                NDM 
    2.0                                                                                                                NDM 
0*** NDM PRINTED WHEN NO DATCOM METHODS EXIST
1                               AUTOMATED STABILITY AND CONTROL METHODS PER APRIL 1976 VERSION OF DATCOM
                                         CHARACTERISTICS AT ANGLE OF ATTACK AND IN SIDESLIP
                                                       WING-BODY CONFIGURATION
                                                        LV3_inch_nose-body
 
 -----------------------  FLIGHT CONDITIONS  ------------------------           --------------  REFERENCE DIMENSIONS  ------------
  MACH    ALTITUDE   VELOCITY    PRESSURE    TEMPERATURE     REYNOLDS             REF.      REFERENCE LENGTH   MOMENT REF. CENTER
 NUMBER                                                       NUMBER              AREA       LONG.     LAT.     HORIZ      VERT
             IN       IN/SEC     LB/IN**2       DEG R         1/FT               IN**2        IN        IN        IN        IN
0 1.200   ********   15369.22   9.1664E+00     474.119     5.9381E+06           288.119     17.030    19.400    84.590     0.000
0                                                               -------------------DERIVATIVE (PER DEGREE)-------------------
0 ALPHA     CD       CL       CM       CN       CA       XCP        CLA          CMA          CYB          CNB          CLB
0
   -2.0    0.031   -0.068     NDM    -0.069    0.028   -1.089    3.389E-02   -3.691E-02   -9.348E-03   -3.150E-02    1.180E-02
    0.0             0.000                                        3.389E-02                                          -0.000E+00
    2.0             0.068                                        3.389E-02                                          -1.180E-02
0*** NDM PRINTED WHEN NO DATCOM METHODS EXIST
1                               AUTOMATED STABILITY AND CONTROL METHODS PER APRIL 1976 VERSION OF DATCOM
                                         CHARACTERISTICS AT ANGLE OF ATTACK AND IN SIDESLIP
                                                  BODY-VERTICAL TAIL CONFIGURATION
                                                        LV3_inch_nose-body
 
 -----------------------  FLIGHT CONDITIONS  ------------------------           --------------  REFERENCE DIMENSIONS  ------------
  MACH    ALTITUDE   VELOCITY    PRESSURE    TEMPERATURE     REYNOLDS             REF.      REFERENCE LENGTH   MOMENT REF. CENTER
 NUMBER                                                       NUMBER              AREA       LONG.     LAT.     HORIZ      VERT
             IN       IN/SEC     LB/IN**2       DEG R         1/FT               IN**2        IN        IN        IN        IN
0 1.200   ********   15369.22   9.1664E+00     474.119     5.9381E+06           288.119     17.030    19.400    84.590     0.000
0                                                               -------------------DERIVATIVE (PER DEGREE)-------------------
0 ALPHA     CD       CL       CM       CN       CA       XCP        CLA          CMA          CYB          CNB          CLB
0
   -2.0    NDM      NDM       NDM     NDM      NDM      4.175    4.948E-03    2.066E-02      NDM          NDM          NDM 
    0.0                                                                                                                NDM 
    2.0                                                                                                                NDM 
0*** NDM PRINTED WHEN NO DATCOM METHODS EXIST
1                               AUTOMATED STABILITY AND CONTROL METHODS PER APRIL 1976 VERSION OF DATCOM
                                         CHARACTERISTICS AT ANGLE OF ATTACK AND IN SIDESLIP
                                                WING-BODY-VERTICAL TAIL CONFIGURATION
                                                        LV3_inch_nose-body
 
 -----------------------  FLIGHT CONDITIONS  ------------------------           --------------  REFERENCE DIMENSIONS  ------------
  MACH    ALTITUDE   VELOCITY    PRESSURE    TEMPERATURE     REYNOLDS             REF.      REFERENCE LENGTH   MOMENT REF. CENTER
 NUMBER                                                       NUMBER              AREA       LONG.     LAT.     HORIZ      VERT
             IN       IN/SEC     LB/IN**2       DEG R         1/FT               IN**2        IN        IN        IN        IN
0 1.200   ********   15369.22   9.1664E+00     474.119     5.9381E+06           288.119     17.030    19.400    84.590     0.000
0                                                               -------------------DERIVATIVE (PER DEGREE)-------------------
0 ALPHA     CD       CL       CM       CN       CA       XCP        CLA          CMA          CYB          CNB          CLB
0
   -2.0    NDM     -0.068     NDM     NDM      NDM     -1.089    3.389E-02   -3.691E-02   -9.348E-03   -3.150E-02      NDM 
    0.0             0.000     NDM                                3.389E-02                                             NDM 
    2.0             0.068     NDM                                3.389E-02                                             NDM 
0*** NDM PRINTED WHEN NO DATCOM METHODS EXIST
0*** VEHICLE WEIGHT =     56.25 LB.
0*** LEVEL FLIGHT LIFT COEFFICIENT = 0.02113
1                             AUTOMATED STABILITY AND CONTROL METHODS PER APRIL 1976 VERSION OF DATCOM
                                             CONFIGURATION AUXILIARY AND PARTIAL OUTPUT
                                                WING-BODY-VERTICAL TAIL CONFIGURATION
                                                        LV3_inch_nose-body
 -----------------------  FLIGHT CONDITIONS  ------------------------           --------------  REFERENCE DIMENSIONS  ------------
  MACH    ALTITUDE   VELOCITY    PRESSURE    TEMPERATURE     REYNOLDS             REF.      REFERENCE LENGTH   MOMENT REF. CENTER
 NUMBER                                                       NUMBER              AREA       LONG.     LAT.     HORIZ      VERT
             IN       IN/SEC     LB/IN**2       DEG R         1/FT               IN**2        IN        IN        IN        IN
0 1.200   ********   15369.22   9.1664E+00     474.119     5.9381E+06           288.119     17.030    19.400    84.590     0.000


                                                       BASIC BODY PROPERTIES

            WETTED AREA      XCG     ZCG     BASE AREA     ZERO LIFT DRAG   BASE DRAG   FRICTION DRAG   PRESSURE DRAG
             0.2468E+04    84.59    0.00      34.2100        0.2713E-01    0.5845E-02    0.1862E-01     -0.2543E-09


                                         XCG RELATIVE TO THEORETICAL LEADING EDGE MAC= -26.03


                                                       BASIC PLANFORM PROPERTIES

                                    TAPER     ASPECT   QUARTER CHORD             QUARTER CHORD              ZERO LIFT    FRICTION
                         AREA       RATIO      RATIO       SWEEP        MAC        X(MAC)       Y(MAC)        DRAG     COEFFICIENT
0      WING
   TOTAL THEORITICAL
+                     0.2881E+03    0.202    0.1306E+01    41.966    0.170E+02    0.115E+03    0.378E+01                       
       TOTAL EXPOSED
+                     0.1472E+03    0.278    0.1113E+01    41.966    0.127E+02    0.117E+03    0.590E+01    0.336E-02    0.316E-02
0   VERTICAL TAIL
   TOTAL THEORITICAL
+                     0.1441E+03    0.202    0.6531E+00    41.966    0.170E+02    0.115E+03    0.378E+01                       
       TOTAL EXPOSED
+                     0.7360E+02    0.278    0.5565E+00    41.966    0.127E+02    0.117E+03    0.590E+01      NA           NA  
0*** NA PRINTED WHEN METHOD NOT APPLICABLE
1                             AUTOMATED STABILITY AND CONTROL METHODS PER APRIL 1976 VERSION OF DATCOM
                                             CONFIGURATION AUXILIARY AND PARTIAL OUTPUT
                                                WING-BODY-VERTICAL TAIL CONFIGURATION
                                                        LV3_inch_nose-body
 -----------------------  FLIGHT CONDITIONS  ------------------------           --------------  REFERENCE DIMENSIONS  ------------
  MACH    ALTITUDE   VELOCITY    PRESSURE    TEMPERATURE     REYNOLDS             REF.      REFERENCE LENGTH   MOMENT REF. CENTER
 NUMBER                                                       NUMBER              AREA       LONG.     LAT.     HORIZ      VERT
             IN       IN/SEC     LB/IN**2       DEG R         1/FT               IN**2        IN        IN        IN        IN
0 1.200   ********   15369.22   9.1664E+00     474.119     5.9381E+06           288.119     17.030    19.400    84.590     0.000
0          CLA-B(W)= 8.251E-03     CLA-W(B)= 2.070E-02     K-B(W)= 5.184E-01     K-W(B)= 1.300E+00     XAC/C-B(W)= 6.340E-01
1                             AUTOMATED STABILITY AND CONTROL METHODS PER APRIL 1976 VERSION OF DATCOM
                                             CONFIGURATION AUXILIARY AND PARTIAL OUTPUT
                                                WING-BODY-VERTICAL TAIL CONFIGURATION
                                                        LV3_inch_nose-body
 -----------------------  FLIGHT CONDITIONS  ------------------------           --------------  REFERENCE DIMENSIONS  ------------
  MACH    ALTITUDE   VELOCITY    PRESSURE    TEMPERATURE     REYNOLDS             REF.      REFERENCE LENGTH   MOMENT REF. CENTER
 NUMBER                                                       NUMBER              AREA       LONG.     LAT.     HORIZ      VERT
             IN       IN/SEC     LB/IN**2       DEG R         1/FT               IN**2        IN        IN        IN        IN
0 1.200   ********   15369.22   9.1664E+00     474.119     5.9381E+06           288.119     17.030    19.400    84.590     0.000


                                                      *** WING DATA FAIRING ***
                                       CDL/CL**2 = 0.8584E-01     CLB/CL =-0.7703E-01
            FORCE BREAK MACH NUMBER (ZERO SWEEP) = 0.1000E+01     FORCE BREAK MACH NUMBER (WITH SWEEP) = 0.1000E+01
                      MACH(A) = 1.070     CLA(A) = 0.1887E-01     MACH(B) = 1.140     CLA(B) = 0.1667E-01
                                                (CLB/CL)M=0.6 =-0.6759E-01     (CLB/CL)M=1.4 =-0.6846E-01

                                                  LIFT-CURVE-SLOPE INTERPOLATION TABLE
                                                      MACH               CL-ALPHA
                                                     0.750               0.1473E-01
                                                     1.000               0.1667E-01
                                                     1.070               0.1887E-01
                                                     1.140               0.1667E-01
                                                     1.400               0.1516E-01


                                                   *** WING-BODY DATA FAIRING ***
            CLB/CL =-0.1740E+00     (CLB/CL)MFB =-0.6315E-01     (CLB/CL)M=1.4 =-0.8144E-01     (CNA)M=1.4 = 0.3282E-01
1
1                               AUTOMATED STABILITY AND CONTROL METHODS PER APRIL 1976 VERSION OF DATCOM
                                         CHARACTERISTICS AT ANGLE OF ATTACK AND IN SIDESLIP
                                                   DATCOM BODY ALONE CONFIGURATION
                                                        LV3_inch_nose-body
 
 -----------------------  FLIGHT CONDITIONS  ------------------------           --------------  REFERENCE DIMENSIONS  ------------
  MACH    ALTITUDE   VELOCITY    PRESSURE    TEMPERATURE     REYNOLDS             REF.      REFERENCE LENGTH   MOMENT REF. CENTER
 NUMBER                                                       NUMBER              AREA       LONG.     LAT.     HORIZ      VERT
             IN       IN/SEC     LB/IN**2       DEG R         1/FT               IN**2        IN        IN        IN        IN
0 1.500   ********   18755.21   7.1196E+00     451.864     6.1371E+06           288.119     17.030    19.400    84.590     0.000
0                                                               -------------------DERIVATIVE (PER DEGREE)-------------------
0 ALPHA     CD       CL       CM       CN       CA       XCP        CLA          CMA          CYB          CNB          CLB
0
   -2.0    0.044   -0.013   -0.0479  -0.015    0.043    3.266    6.571E-03    2.393E-02   -6.571E-03   -2.101E-02    0.000E+00
    0.0    0.043    0.000    0.0000   0.000    0.043   ******    6.571E-03    2.393E-02   -6.571E-03   -2.101E-02    0.000E+00
    2.0    0.044    0.013    0.0479   0.015    0.043    3.266    6.571E-03    2.393E-02   -6.571E-03   -2.101E-02    0.000E+00
1                               AUTOMATED STABILITY AND CONTROL METHODS PER APRIL 1976 VERSION OF DATCOM
                                         CHARACTERISTICS AT ANGLE OF ATTACK AND IN SIDESLIP
                                                      WING ALONE CONFIGURATION
                                                        LV3_inch_nose-body
 
 -----------------------  FLIGHT CONDITIONS  ------------------------           --------------  REFERENCE DIMENSIONS  ------------
  MACH    ALTITUDE   VELOCITY    PRESSURE    TEMPERATURE     REYNOLDS             REF.      REFERENCE LENGTH   MOMENT REF. CENTER
 NUMBER                                                       NUMBER              AREA       LONG.     LAT.     HORIZ      VERT
             IN       IN/SEC     LB/IN**2       DEG R         1/FT               IN**2        IN        IN        IN        IN
0 1.500   ********   18755.21   7.1196E+00     451.864     6.1371E+06           288.119     17.030    19.400    84.590     0.000
0                                                               -------------------DERIVATIVE (PER DEGREE)-------------------
0 ALPHA     CD       CL       CM       CN       CA       XCP        CLA          CMA          CYB          CNB          CLB
0
   -2.0    0.006   -0.030    0.0567  -0.030    0.005   -1.878    1.428E-02   -2.833E-02      NDM          NDM        2.110E-03
    0.0    0.006    0.000   -0.0000   0.000    0.006   ******    1.498E-02                                           2.053E-03
    2.0    0.006    0.030   -0.0567   0.030    0.005   -1.878    1.498E-02                                           1.997E-03
0*** NDM PRINTED WHEN NO DATCOM METHODS EXIST
1                               AUTOMATED STABILITY AND CONTROL METHODS PER APRIL 1976 VERSION OF DATCOM
                                         CHARACTERISTICS AT ANGLE OF ATTACK AND IN SIDESLIP
                                                     VERTICAL TAIL CONFIGURATION
                                                        LV3_inch_nose-body
 
 -----------------------  FLIGHT CONDITIONS  ------------------------           --------------  REFERENCE DIMENSIONS  ------------
  MACH    ALTITUDE   VELOCITY    PRESSURE    TEMPERATURE     REYNOLDS             REF.      REFERENCE LENGTH   MOMENT REF. CENTER
 NUMBER                                                       NUMBER              AREA       LONG.     LAT.     HORIZ      VERT
             IN       IN/SEC     LB/IN**2       DEG R         1/FT               IN**2        IN        IN        IN        IN
0 1.500   ********   18755.21   7.1196E+00     451.864     6.1371E+06           288.119     17.030    19.400    84.590     0.000
0                                                               -------------------DERIVATIVE (PER DEGREE)-------------------
0 ALPHA     CD       CL       CM       CN       CA       XCP        CLA          CMA          CYB          CNB          CLB
0
   -2.0    0.001    0.000    0.0000   0.000    0.001   ******    0.000E+00    0.000E+00   -1.414E-02    2.579E-02   -5.197E-03
    0.0                                                                                                             -4.299E-03
    2.0                                                                                                             -3.397E-03
1                               AUTOMATED STABILITY AND CONTROL METHODS PER APRIL 1976 VERSION OF DATCOM
                                         CHARACTERISTICS AT ANGLE OF ATTACK AND IN SIDESLIP
                                                       WING-BODY CONFIGURATION
                                                        LV3_inch_nose-body
 
 -----------------------  FLIGHT CONDITIONS  ------------------------           --------------  REFERENCE DIMENSIONS  ------------
  MACH    ALTITUDE   VELOCITY    PRESSURE    TEMPERATURE     REYNOLDS             REF.      REFERENCE LENGTH   MOMENT REF. CENTER
 NUMBER                                                       NUMBER              AREA       LONG.     LAT.     HORIZ      VERT
             IN       IN/SEC     LB/IN**2       DEG R         1/FT               IN**2        IN        IN        IN        IN
0 1.500   ********   18755.21   7.1196E+00     451.864     6.1371E+06           288.119     17.030    19.400    84.590     0.000
0                                                               -------------------DERIVATIVE (PER DEGREE)-------------------
0 ALPHA     CD       CL       CM       CN       CA       XCP        CLA          CMA          CYB          CNB          CLB
0
   -2.0    0.050   -0.068    0.0652  -0.069    0.048   -0.941    3.130E-02   -3.247E-02   -9.843E-03   -3.161E-02    5.693E-03
    0.0    0.049    0.000    0.0000   0.000    0.049   ******    3.382E-02                                           5.637E-03
    2.0    0.050    0.068   -0.0652   0.069    0.048   -0.941    3.382E-02                                           5.581E-03
1                               AUTOMATED STABILITY AND CONTROL METHODS PER APRIL 1976 VERSION OF DATCOM
                                         CHARACTERISTICS AT ANGLE OF ATTACK AND IN SIDESLIP
                                                  BODY-VERTICAL TAIL CONFIGURATION
                                                        LV3_inch_nose-body
 
 -----------------------  FLIGHT CONDITIONS  ------------------------           --------------  REFERENCE DIMENSIONS  ------------
  MACH    ALTITUDE   VELOCITY    PRESSURE    TEMPERATURE     REYNOLDS             REF.      REFERENCE LENGTH   MOMENT REF. CENTER
 NUMBER                                                       NUMBER              AREA       LONG.     LAT.     HORIZ      VERT
             IN       IN/SEC     LB/IN**2       DEG R         1/FT               IN**2        IN        IN        IN        IN
0 1.500   ********   18755.21   7.1196E+00     451.864     6.1371E+06           288.119     17.030    19.400    84.590     0.000
0                                                               -------------------DERIVATIVE (PER DEGREE)-------------------
0 ALPHA     CD       CL       CM       CN       CA       XCP        CLA          CMA          CYB          CNB          CLB
0
   -2.0    0.045   -0.013   -0.0479  -0.015    0.043    3.266    6.571E-03    2.393E-02   -2.072E-02    4.782E-03   -5.197E-03
    0.0    0.045    0.000    0.0000   0.000    0.043   ******    6.571E-03    2.393E-02                             -4.299E-03
    2.0    0.045    0.013    0.0479   0.015    0.043    3.266    6.571E-03    2.393E-02                             -3.397E-03
1                               AUTOMATED STABILITY AND CONTROL METHODS PER APRIL 1976 VERSION OF DATCOM
                                         CHARACTERISTICS AT ANGLE OF ATTACK AND IN SIDESLIP
                                                WING-BODY-VERTICAL TAIL CONFIGURATION
                                                        LV3_inch_nose-body
 
 -----------------------  FLIGHT CONDITIONS  ------------------------           --------------  REFERENCE DIMENSIONS  ------------
  MACH    ALTITUDE   VELOCITY    PRESSURE    TEMPERATURE     REYNOLDS             REF.      REFERENCE LENGTH   MOMENT REF. CENTER
 NUMBER                                                       NUMBER              AREA       LONG.     LAT.     HORIZ      VERT
             IN       IN/SEC     LB/IN**2       DEG R         1/FT               IN**2        IN        IN        IN        IN
0 1.500   ********   18755.21   7.1196E+00     451.864     6.1371E+06           288.119     17.030    19.400    84.590     0.000
0                                                               -------------------DERIVATIVE (PER DEGREE)-------------------
0 ALPHA     CD       CL       CM       CN       CA       XCP        CLA          CMA          CYB          CNB          CLB
0
   -2.0    0.051   -0.068    0.0652  -0.069    0.049   -0.940    3.130E-02   -3.247E-02   -2.399E-02   -5.824E-03    4.964E-04
    0.0    0.050    0.000    0.0000   0.000    0.050   ******    3.382E-02                                           1.338E-03
    2.0    0.051    0.068   -0.0652   0.069    0.049   -0.940    3.382E-02                                           2.184E-03
0*** VEHICLE WEIGHT =     56.25 LB.
0*** LEVEL FLIGHT LIFT COEFFICIENT = 0.01741
1                               AUTOMATED STABILITY AND CONTROL METHODS PER APRIL 1976 VERSION OF DATCOM
                                         CHARACTERISTICS AT ANGLE OF ATTACK AND IN SIDESLIP
                                                   DATCOM BODY ALONE CONFIGURATION
                                                        LV3_inch_nose-body
 
 -----------------------  FLIGHT CONDITIONS  ------------------------           --------------  REFERENCE DIMENSIONS  ------------
  MACH    ALTITUDE   VELOCITY    PRESSURE    TEMPERATURE     REYNOLDS             REF.      REFERENCE LENGTH   MOMENT REF. CENTER
 NUMBER                                                       NUMBER              AREA       LONG.     LAT.     HORIZ      VERT
             IN       IN/SEC     LB/IN**2       DEG R         1/FT               IN**2        IN        IN        IN        IN
0 2.000   ********   24383.71   5.4606E+00     429.622     6.7054E+06           288.119     17.030    19.400    84.590     0.000
0                                                               -------------------DERIVATIVE (PER DEGREE)-------------------
0 ALPHA     CD       CL       CM       CN       CA       XCP        CLA          CMA          CYB          CNB          CLB
0
   -2.0    0.038   -0.014   -0.0495  -0.015    0.037    3.216    7.040E-03    2.475E-02   -7.040E-03   -2.172E-02    0.000E+00
    0.0    0.037    0.000    0.0000   0.000    0.037   ******    7.040E-03    2.475E-02   -7.040E-03   -2.172E-02    0.000E+00
    2.0    0.038    0.014    0.0495   0.015    0.037    3.216    7.040E-03    2.475E-02   -7.040E-03   -2.172E-02    0.000E+00
1                               AUTOMATED STABILITY AND CONTROL METHODS PER APRIL 1976 VERSION OF DATCOM
                                         CHARACTERISTICS AT ANGLE OF ATTACK AND IN SIDESLIP
                                                      WING ALONE CONFIGURATION
                                                        LV3_inch_nose-body
 
 -----------------------  FLIGHT CONDITIONS  ------------------------           --------------  REFERENCE DIMENSIONS  ------------
  MACH    ALTITUDE   VELOCITY    PRESSURE    TEMPERATURE     REYNOLDS             REF.      REFERENCE LENGTH   MOMENT REF. CENTER
 NUMBER                                                       NUMBER              AREA       LONG.     LAT.     HORIZ      VERT
             IN       IN/SEC     LB/IN**2       DEG R         1/FT               IN**2        IN        IN        IN        IN
0 2.000   ********   24383.71   5.4606E+00     429.622     6.7054E+06           288.119     17.030    19.400    84.590     0.000
0                                                               -------------------DERIVATIVE (PER DEGREE)-------------------
0 ALPHA     CD       CL       CM       CN       CA       XCP        CLA          CMA          CYB          CNB          CLB
0
   -2.0    0.006   -0.026    0.0517  -0.027    0.005   -1.941    1.276E-02   -2.583E-02      NDM          NDM        2.191E-03
    0.0    0.005    0.000   -0.0000   0.000    0.005   ******    1.321E-02                                           2.147E-03
    2.0    0.006    0.026   -0.0517   0.027    0.005   -1.941    1.321E-02                                           2.103E-03
0*** NDM PRINTED WHEN NO DATCOM METHODS EXIST
1                               AUTOMATED STABILITY AND CONTROL METHODS PER APRIL 1976 VERSION OF DATCOM
                                         CHARACTERISTICS AT ANGLE OF ATTACK AND IN SIDESLIP
                                                     VERTICAL TAIL CONFIGURATION
                                                        LV3_inch_nose-body
 
 -----------------------  FLIGHT CONDITIONS  ------------------------           --------------  REFERENCE DIMENSIONS  ------------
  MACH    ALTITUDE   VELOCITY    PRESSURE    TEMPERATURE     REYNOLDS             REF.      REFERENCE LENGTH   MOMENT REF. CENTER
 NUMBER                                                       NUMBER              AREA       LONG.     LAT.     HORIZ      VERT
             IN       IN/SEC     LB/IN**2       DEG R         1/FT               IN**2        IN        IN        IN        IN
0 2.000   ********   24383.71   5.4606E+00     429.622     6.7054E+06           288.119     17.030    19.400    84.590     0.000
0                                                               -------------------DERIVATIVE (PER DEGREE)-------------------
0 ALPHA     CD       CL       CM       CN       CA       XCP        CLA          CMA          CYB          CNB          CLB
0
   -2.0    0.001    0.000    0.0000   0.000    0.001   ******    0.000E+00    0.000E+00   -1.246E-02    2.272E-02   -4.578E-03
    0.0                                                                                                             -3.788E-03
    2.0                                                                                                             -2.993E-03
1                               AUTOMATED STABILITY AND CONTROL METHODS PER APRIL 1976 VERSION OF DATCOM
                                         CHARACTERISTICS AT ANGLE OF ATTACK AND IN SIDESLIP
                                                       WING-BODY CONFIGURATION
                                                        LV3_inch_nose-body
 
 -----------------------  FLIGHT CONDITIONS  ------------------------           --------------  REFERENCE DIMENSIONS  ------------
  MACH    ALTITUDE   VELOCITY    PRESSURE    TEMPERATURE     REYNOLDS             REF.      REFERENCE LENGTH   MOMENT REF. CENTER
 NUMBER                                                       NUMBER              AREA       LONG.     LAT.     HORIZ      VERT
             IN       IN/SEC     LB/IN**2       DEG R         1/FT               IN**2        IN        IN        IN        IN
0 2.000   ********   24383.71   5.4606E+00     429.622     6.7054E+06           288.119     17.030    19.400    84.590     0.000
0                                                               -------------------DERIVATIVE (PER DEGREE)-------------------
0 ALPHA     CD       CL       CM       CN       CA       XCP        CLA          CMA          CYB          CNB          CLB
0
   -2.0    0.044   -0.061    0.0504  -0.062    0.041   -0.807    2.835E-02   -2.598E-02   -1.032E-02   -3.192E-02    5.775E-03
    0.0    0.042    0.000    0.0000   0.000    0.042   ******    3.048E-02                                           5.731E-03
    2.0    0.044    0.061   -0.0504   0.062    0.041   -0.807    3.048E-02                                           5.686E-03
1                               AUTOMATED STABILITY AND CONTROL METHODS PER APRIL 1976 VERSION OF DATCOM
                                         CHARACTERISTICS AT ANGLE OF ATTACK AND IN SIDESLIP
                                                  BODY-VERTICAL TAIL CONFIGURATION
                                                        LV3_inch_nose-body
 
 -----------------------  FLIGHT CONDITIONS  ------------------------           --------------  REFERENCE DIMENSIONS  ------------
  MACH    ALTITUDE   VELOCITY    PRESSURE    TEMPERATURE     REYNOLDS             REF.      REFERENCE LENGTH   MOMENT REF. CENTER
 NUMBER                                                       NUMBER              AREA       LONG.     LAT.     HORIZ      VERT
             IN       IN/SEC     LB/IN**2       DEG R         1/FT               IN**2        IN        IN        IN        IN
0 2.000   ********   24383.71   5.4606E+00     429.622     6.7054E+06           288.119     17.030    19.400    84.590     0.000
0                                                               -------------------DERIVATIVE (PER DEGREE)-------------------
0 ALPHA     CD       CL       CM       CN       CA       XCP        CLA          CMA          CYB          CNB          CLB
0
   -2.0    0.039   -0.014   -0.0495  -0.015    0.037    3.216    7.040E-03    2.475E-02   -1.950E-02    9.947E-04   -4.578E-03
    0.0    0.039    0.000    0.0000   0.000    0.037   ******    7.040E-03    2.475E-02                             -3.788E-03
    2.0    0.039    0.014    0.0495   0.015    0.037    3.216    7.040E-03    2.475E-02                             -2.993E-03
1                               AUTOMATED STABILITY AND CONTROL METHODS PER APRIL 1976 VERSION OF DATCOM
                                         CHARACTERISTICS AT ANGLE OF ATTACK AND IN SIDESLIP
                                                WING-BODY-VERTICAL TAIL CONFIGURATION
                                                        LV3_inch_nose-body
 
 -----------------------  FLIGHT CONDITIONS  ------------------------           --------------  REFERENCE DIMENSIONS  ------------
  MACH    ALTITUDE   VELOCITY    PRESSURE    TEMPERATURE     REYNOLDS             REF.      REFERENCE LENGTH   MOMENT REF. CENTER
 NUMBER                                                       NUMBER              AREA       LONG.     LAT.     HORIZ      VERT
             IN       IN/SEC     LB/IN**2       DEG R         1/FT               IN**2        IN        IN        IN        IN
0 2.000   ********   24383.71   5.4606E+00     429.622     6.7054E+06           288.119     17.030    19.400    84.590     0.000
0                                                               -------------------DERIVATIVE (PER DEGREE)-------------------
0 ALPHA     CD       CL       CM       CN       CA       XCP        CLA          CMA          CYB          CNB          CLB
0
   -2.0    0.045   -0.061    0.0504  -0.062    0.043   -0.806    2.835E-02   -2.598E-02   -2.278E-02   -9.201E-03    1.196E-03
    0.0    0.044    0.000    0.0000   0.000    0.044   ******    3.048E-02                                           1.943E-03
    2.0    0.045    0.061   -0.0504   0.062    0.043   -0.806    3.048E-02                                           2.694E-03
0*** VEHICLE WEIGHT =     56.25 LB.
0*** LEVEL FLIGHT LIFT COEFFICIENT = 0.01277
 Return to main program from M57O71
1          THE FOLLOWING IS A LIST OF ALL INPUT CARDS FOR THIS CASE.
0
1 END OF JOB.
